<?xml version="1.0" encoding="UTF-8"?>
<testsuite xmlns:xsi="http://www.w3.org/2001/XMLSchema-instance" xsi:noNamespaceSchemaLocation="https://maven.apache.org/surefire/maven-surefire-plugin/xsd/surefire-test-report-3.0.xsd" version="3.0" name="com.example.demo.JwtServiceTests" time="28.125" tests="9" errors="0" skipped="0" failures="0">
  <properties>
[...]
</properties>
  <testcase name="testValidateToken_InvalidToken" classname="com.example.demo.JwtServiceTests" time="0.243">
    <system-out><![CDATA[2024-02-09 01:25:45 [main] INFO  o.s.t.c.s.AnnotationConfigContextLoaderUtils - Could not detect default configuration classes for test class [com.example.demo.JwtServiceTests]: JwtServiceTests does not declare any static, non-private, non-final, nested classes annotated with @Configuration.
2024-02-09 01:25:45 [main] INFO  o.s.b.t.c.SpringBootTestContextBootstrapper - Found @SpringBootConfiguration com.example.demo.ProductDetails for test class com.example.demo.JwtServiceTests
01:25:46,366 |-INFO in ch.qos.logback.core.model.processor.AppenderModelHandler - Processing appender named [STDOUT]
01:25:46,366 |-INFO in ch.qos.logback.core.model.processor.AppenderModelHandler - About to instantiate appender of type [ch.qos.logback.core.ConsoleAppender]
01:25:46,367 |-WARN in ch.qos.logback.core.ConsoleAppender[STDOUT] - This appender no longer admits a layout as a sub-component, set an encoder instead.
01:25:46,367 |-WARN in ch.qos.logback.core.ConsoleAppender[STDOUT] - To ensure compatibility, wrapping your layout in LayoutWrappingEncoder.
01:25:46,367 |-WARN in ch.qos.logback.core.ConsoleAppender[STDOUT] - See also http://logback.qos.ch/codes.html#layoutInsteadOfEncoder for details
01:25:46,367 |-INFO in ch.qos.logback.core.model.processor.AppenderModelHandler - Processing appender named [FILE-AUDIT]
01:25:46,367 |-INFO in ch.qos.logback.core.model.processor.AppenderModelHandler - About to instantiate appender of type [ch.qos.logback.core.rolling.RollingFileAppender]
01:25:46,370 |-INFO in c.q.l.core.rolling.TimeBasedRollingPolicy@418223232 - No compression will be used
01:25:46,370 |-INFO in c.q.l.core.rolling.TimeBasedRollingPolicy@418223232 - Will use the pattern logs/archived/debug.%d{yyyy-MM-dd}.%i.log for the active file
01:25:46,371 |-INFO in ch.qos.logback.core.rolling.SizeAndTimeBasedFNATP@5fb05c07 - The date pattern is 'yyyy-MM-dd' from file name pattern 'logs/archived/debug.%d{yyyy-MM-dd}.%i.log'.
01:25:46,371 |-INFO in ch.qos.logback.core.rolling.SizeAndTimeBasedFNATP@5fb05c07 - Roll-over at midnight.
01:25:46,372 |-INFO in ch.qos.logback.core.rolling.SizeAndTimeBasedFNATP@5fb05c07 - Setting initial period to 2024-01-26T12:47:54.648Z
01:25:46,372 |-WARN in ch.qos.logback.core.rolling.SizeAndTimeBasedFNATP@5fb05c07 - SizeAndTimeBasedFNATP is deprecated. Use SizeAndTimeBasedRollingPolicy instead
01:25:46,372 |-WARN in ch.qos.logback.core.rolling.SizeAndTimeBasedFNATP@5fb05c07 - For more information see http://logback.qos.ch/manual/appenders.html#SizeAndTimeBasedRollingPolicy
01:25:46,372 |-INFO in ch.qos.logback.core.rolling.RollingFileAppender[FILE-AUDIT] - Active log file name: logs/debug.log
01:25:46,372 |-INFO in ch.qos.logback.core.rolling.RollingFileAppender[FILE-AUDIT] - File property is set to [logs/debug.log]
01:25:46,372 |-WARN in ch.qos.logback.core.model.processor.AppenderModelHandler - Appender named [FILE-ERROR] not referenced. Skipping further processing.
01:25:46,373 |-INFO in ch.qos.logback.classic.model.processor.LoggerModelHandler - Setting level of logger [logging.level.com.appsdeveloperblog] to DEBUG
01:25:46,373 |-INFO in ch.qos.logback.classic.jul.LevelChangePropagator@238c63df - Propagating DEBUG level on Logger[logging.level.com.appsdeveloperblog] onto the JUL framework
01:25:46,375 |-INFO in ch.qos.logback.classic.model.processor.LoggerModelHandler - Setting additivity of logger [logging.level.com.appsdeveloperblog] to false
01:25:46,375 |-INFO in ch.qos.logback.core.model.processor.AppenderRefModelHandler - Attaching appender named [FILE-AUDIT] to Logger[logging.level.com.appsdeveloperblog]
01:25:46,375 |-INFO in ch.qos.logback.core.model.processor.AppenderRefModelHandler - Attaching appender named [STDOUT] to Logger[logging.level.com.appsdeveloperblog]
01:25:46,375 |-INFO in ch.qos.logback.classic.model.processor.LoggerModelHandler - Setting level of logger [org.springframework.boot.autoconfigure] to INFO
01:25:46,375 |-INFO in ch.qos.logback.classic.jul.LevelChangePropagator@238c63df - Propagating INFO level on Logger[org.springframework.boot.autoconfigure] onto the JUL framework
01:25:46,375 |-INFO in ch.qos.logback.classic.model.processor.LoggerModelHandler - Setting level of logger [org.springframework.boot.autoconfigure.condition] to INFO
01:25:46,375 |-INFO in ch.qos.logback.classic.jul.LevelChangePropagator@238c63df - Propagating INFO level on Logger[org.springframework.boot.autoconfigure.condition] onto the JUL framework
01:25:46,375 |-INFO in ch.qos.logback.classic.model.processor.RootLoggerModelHandler - Setting level of ROOT logger to INFO
01:25:46,375 |-INFO in ch.qos.logback.classic.jul.LevelChangePropagator@238c63df - Propagating INFO level on Logger[ROOT] onto the JUL framework
01:25:46,375 |-INFO in ch.qos.logback.core.model.processor.AppenderRefModelHandler - Attaching appender named [STDOUT] to Logger[ROOT]
01:25:46,375 |-INFO in ch.qos.logback.core.model.processor.DefaultProcessor@192b76a4 - End of configuration.
01:25:46,375 |-INFO in org.springframework.boot.logging.logback.SpringBootJoranConfigurator@6d96a895 - Registering current configuration as safe fallback point


  .   ____          _            __ _ _
 /\\ / ___'_ __ _ _(_)_ __  __ _ \ \ \ \
( ( )\___ | '_ | '_| | '_ \/ _` | \ \ \ \
 \\/  ___)| |_)| | | | | || (_| |  ) ) ) )
  '  |____| .__|_| |_|_| |_\__, | / / / /
 =========|_|==============|___/=/_/_/_/
 :: Spring Boot ::                (v3.2.1)

2024-02-09 01:25:46 [main] INFO  com.example.demo.JwtServiceTests - Starting JwtServiceTests using Java 21.0.1 with PID 23300 (started by ADeepak in C:\deepak\Product_Details)
2024-02-09 01:25:46 [main] INFO  com.example.demo.JwtServiceTests - No active profile set, falling back to 1 default profile: "default"
2024-02-09 01:25:46 [main] DEBUG o.s.boot.SpringApplication - Loading source class com.example.demo.ProductDetails
2024-02-09 01:25:46 [main] DEBUG o.s.w.c.s.GenericWebApplicationContext - Refreshing org.springframework.web.context.support.GenericWebApplicationContext@634d56eb
2024-02-09 01:25:46 [main] DEBUG o.s.b.f.s.DefaultListableBeanFactory - Creating shared instance of singleton bean 'org.springframework.context.annotation.internalConfigurationAnnotationProcessor'
2024-02-09 01:25:47 [main] DEBUG o.s.b.f.s.DefaultListableBeanFactory - Creating shared instance of singleton bean 'org.springframework.boot.autoconfigure.internalCachingMetadataReaderFactory'
2024-02-09 01:25:47 [main] DEBUG o.s.c.a.ClassPathBeanDefinitionScanner - Identified candidate component class: file [C:\deepak\Product_Details\target\classes\com\example\demo\config\CacheConfig.class]
2024-02-09 01:25:47 [main] DEBUG o.s.c.a.ClassPathBeanDefinitionScanner - Identified candidate component class: file [C:\deepak\Product_Details\target\classes\com\example\demo\config\RabbitMqConfig.class]
2024-02-09 01:25:47 [main] DEBUG o.s.c.a.ClassPathBeanDefinitionScanner - Identified candidate component class: file [C:\deepak\Product_Details\target\classes\com\example\demo\config\SecurityConfig.class]
2024-02-09 01:25:47 [main] DEBUG o.s.c.a.ClassPathBeanDefinitionScanner - Identified candidate component class: file [C:\deepak\Product_Details\target\classes\com\example\demo\config\SwaggerConfig.class]
2024-02-09 01:25:47 [main] DEBUG o.s.c.a.ClassPathBeanDefinitionScanner - Identified candidate component class: file [C:\deepak\Product_Details\target\classes\com\example\demo\controller\AuthController.class]
2024-02-09 01:25:47 [main] DEBUG o.s.c.a.ClassPathBeanDefinitionScanner - Identified candidate component class: file [C:\deepak\Product_Details\target\classes\com\example\demo\controller\DatabaseInfoController.class]
2024-02-09 01:25:47 [main] DEBUG o.s.c.a.ClassPathBeanDefinitionScanner - Identified candidate component class: file [C:\deepak\Product_Details\target\classes\com\example\demo\controller\HealthController.class]
2024-02-09 01:25:47 [main] DEBUG o.s.c.a.ClassPathBeanDefinitionScanner - Identified candidate component class: file [C:\deepak\Product_Details\target\classes\com\example\demo\controller\ProductController.class]
2024-02-09 01:25:47 [main] DEBUG o.s.c.a.ClassPathBeanDefinitionScanner - Identified candidate component class: file [C:\deepak\Product_Details\target\classes\com\example\demo\exception\GlobalExceptionHandler.class]
2024-02-09 01:25:47 [main] DEBUG o.s.c.a.ClassPathBeanDefinitionScanner - Identified candidate component class: file [C:\deepak\Product_Details\target\classes\com\example\demo\filter\JwtAuthFilter.class]
2024-02-09 01:25:47 [main] DEBUG o.s.c.a.ClassPathBeanDefinitionScanner - Identified candidate component class: file [C:\deepak\Product_Details\target\classes\com\example\demo\listener\RabbitMqListener.class]
2024-02-09 01:25:47 [main] DEBUG o.s.c.a.ClassPathBeanDefinitionScanner - Ignored because not a concrete top-level class: file [C:\deepak\Product_Details\target\classes\com\example\demo\repository\ProductRepository.class]
2024-02-09 01:25:47 [main] DEBUG o.s.c.a.ClassPathBeanDefinitionScanner - Ignored because not a concrete top-level class: file [C:\deepak\Product_Details\target\classes\com\example\demo\repository\UserInfoRepository.class]
2024-02-09 01:25:47 [main] DEBUG o.s.c.a.ClassPathBeanDefinitionScanner - Identified candidate component class: file [C:\deepak\Product_Details\target\classes\com\example\demo\service\AuthService.class]
2024-02-09 01:25:47 [main] DEBUG o.s.c.a.ClassPathBeanDefinitionScanner - Identified candidate component class: file [C:\deepak\Product_Details\target\classes\com\example\demo\service\JwtService.class]
2024-02-09 01:25:47 [main] DEBUG o.s.c.a.ClassPathBeanDefinitionScanner - Identified candidate component class: file [C:\deepak\Product_Details\target\classes\com\example\demo\service\ProductService.class]
2024-02-09 01:25:47 [main] DEBUG o.s.c.a.ClassPathBeanDefinitionScanner - Identified candidate component class: file [C:\deepak\Product_Details\target\classes\com\example\demo\service\UserInfoUserDetailsService.class]
2024-02-09 01:25:47 [main] DEBUG o.s.c.a.ClassPathBeanDefinitionScanner - Identified candidate component class: file [C:\deepak\Product_Details\target\classes\com\example\demo\utils\CustomHealthIndicator.class]
2024-02-09 01:25:47 [main] DEBUG o.s.c.a.ClassPathBeanDefinitionScanner - Identified candidate component class: file [C:\deepak\Product_Details\target\classes\com\example\demo\utils\EmailAspect.class]
2024-02-09 01:25:47 [main] DEBUG o.s.c.a.ClassPathBeanDefinitionScanner - Identified candidate component class: file [C:\deepak\Product_Details\target\classes\com\example\demo\utils\Schedular.class]
2024-02-09 01:25:49 [main] INFO  o.s.d.r.c.RepositoryConfigurationDelegate - Multiple Spring Data modules found, entering strict repository configuration mode
2024-02-09 01:25:49 [main] INFO  o.s.d.r.c.RepositoryConfigurationDelegate - Bootstrapping Spring Data JPA repositories in DEFAULT mode.
2024-02-09 01:25:49 [main] DEBUG o.s.d.r.c.RepositoryConfigurationDelegate - Scanning for JPA repositories in packages com.example.demo.repository.
2024-02-09 01:25:49 [main] DEBUG o.s.d.r.c.RepositoryComponentProvider - Identified candidate component class: file [C:\deepak\Product_Details\target\classes\com\example\demo\repository\ProductRepository.class]
2024-02-09 01:25:49 [main] DEBUG o.s.d.r.c.RepositoryComponentProvider - Identified candidate component class: file [C:\deepak\Product_Details\target\classes\com\example\demo\repository\UserInfoRepository.class]
2024-02-09 01:25:49 [main] INFO  o.s.d.r.c.RepositoryConfigurationDelegate - Finished Spring Data repository scanning in 480 ms. Found 2 JPA repository interfaces.
2024-02-09 01:25:50 [main] INFO  o.s.d.r.c.RepositoryConfigurationDelegate - Multiple Spring Data modules found, entering strict repository configuration mode
2024-02-09 01:25:50 [main] INFO  o.s.d.r.c.RepositoryConfigurationDelegate - Bootstrapping Spring Data Redis repositories in DEFAULT mode.
2024-02-09 01:25:50 [main] DEBUG o.s.b.f.s.DefaultListableBeanFactory - Creating shared instance of singleton bean 'org.springframework.boot.autoconfigure.AutoConfigurationPackages'
2024-02-09 01:25:50 [main] DEBUG o.s.d.r.c.RepositoryConfigurationDelegate - Scanning for Redis repositories in packages com.example.demo.
2024-02-09 01:25:50 [main] DEBUG o.s.d.r.c.RepositoryComponentProvider - Identified candidate component class: file [C:\deepak\Product_Details\target\classes\com\example\demo\repository\ProductRepository.class]
2024-02-09 01:25:50 [main] DEBUG o.s.d.r.c.RepositoryComponentProvider - Identified candidate component class: file [C:\deepak\Product_Details\target\classes\com\example\demo\repository\UserInfoRepository.class]
2024-02-09 01:25:50 [main] INFO  o.s.d.r.c.RepositoryConfigurationExtensionSupport - Spring Data Redis - Could not safely identify store assignment for repository candidate interface com.example.demo.repository.ProductRepository; If you want this repository to be a Redis repository, consider annotating your entities with one of these annotations: org.springframework.data.redis.core.RedisHash (preferred), or consider extending one of the following types with your repository: org.springframework.data.keyvalue.repository.KeyValueRepository
2024-02-09 01:25:50 [main] INFO  o.s.d.r.c.RepositoryConfigurationExtensionSupport - Spring Data Redis - Could not safely identify store assignment for repository candidate interface com.example.demo.repository.UserInfoRepository; If you want this repository to be a Redis repository, consider annotating your entities with one of these annotations: org.springframework.data.redis.core.RedisHash (preferred), or consider extending one of the following types with your repository: org.springframework.data.keyvalue.repository.KeyValueRepository
2024-02-09 01:25:50 [main] INFO  o.s.d.r.c.RepositoryConfigurationDelegate - Finished Spring Data repository scanning in 15 ms. Found 0 Redis repository interfaces.
2024-02-09 01:25:51 [main] DEBUG o.s.b.f.s.DefaultListableBeanFactory - Creating shared instance of singleton bean 'springSecurityHandlerMappingIntrospectorBeanDefinitionRegistryPostProcessor'
2024-02-09 01:25:51 [main] DEBUG o.s.b.f.s.DefaultListableBeanFactory - Creating shared instance of singleton bean 'propertySourcesPlaceholderConfigurer'
2024-02-09 01:25:51 [main] DEBUG o.s.b.f.s.DefaultListableBeanFactory - Creating shared instance of singleton bean 'org.springframework.boot.test.mock.mockito.MockitoPostProcessor'
2024-02-09 01:25:51 [main] DEBUG o.s.b.f.s.DefaultListableBeanFactory - Creating shared instance of singleton bean 'emBeanDefinitionRegistrarPostProcessor'
2024-02-09 01:25:51 [main] DEBUG o.s.b.f.s.DefaultListableBeanFactory - Creating shared instance of singleton bean 'org.springframework.boot.autoconfigure.cache.CacheAutoConfiguration$CacheManagerEntityManagerFactoryDependsOnPostProcessor'
2024-02-09 01:25:51 [main] DEBUG o.s.b.f.s.DefaultListableBeanFactory - Creating shared instance of singleton bean 'org.springframework.boot.sql.init.dependency.DatabaseInitializationDependencyConfigurer$DependsOnDatabaseInitializationPostProcessor'
2024-02-09 01:25:51 [main] DEBUG o.s.b.f.s.DefaultListableBeanFactory - Creating shared instance of singleton bean 'org.springframework.context.event.internalEventListenerProcessor'
2024-02-09 01:25:51 [main] DEBUG o.s.b.f.s.DefaultListableBeanFactory - Creating shared instance of singleton bean 'conversionServicePostProcessor'
2024-02-09 01:25:51 [main] DEBUG o.s.b.f.s.DefaultListableBeanFactory - Creating shared instance of singleton bean 'preserveErrorControllerTargetClassPostProcessor'
2024-02-09 01:25:51 [main] DEBUG o.s.b.f.s.DefaultListableBeanFactory - Creating shared instance of singleton bean 'org.springframework.context.event.internalEventListenerFactory'
2024-02-09 01:25:51 [main] DEBUG o.s.b.f.s.DefaultListableBeanFactory - Creating shared instance of singleton bean 'org.springframework.transaction.config.internalTransactionalEventListenerFactory'
2024-02-09 01:25:51 [main] DEBUG o.s.b.f.s.DefaultListableBeanFactory - Creating shared instance of singleton bean 'org.springframework.boot.test.mock.mockito.MockitoPostProcessor$SpyPostProcessor'
2024-02-09 01:25:51 [main] DEBUG o.s.b.f.s.DefaultListableBeanFactory - Creating shared instance of singleton bean 'org.springframework.context.annotation.internalAutowiredAnnotationProcessor'
2024-02-09 01:25:51 [main] DEBUG o.s.b.f.s.DefaultListableBeanFactory - Creating shared instance of singleton bean 'org.springframework.context.annotation.internalCommonAnnotationProcessor'
2024-02-09 01:25:51 [main] DEBUG o.s.b.f.s.DefaultListableBeanFactory - Creating shared instance of singleton bean 'org.springframework.context.annotation.internalPersistenceAnnotationProcessor'
2024-02-09 01:25:51 [main] DEBUG o.s.b.f.s.DefaultListableBeanFactory - Creating shared instance of singleton bean 'org.springframework.boot.context.properties.ConfigurationPropertiesBindingPostProcessor'
2024-02-09 01:25:51 [main] DEBUG o.s.b.f.s.DefaultListableBeanFactory - Creating shared instance of singleton bean 'org.springframework.boot.context.internalConfigurationPropertiesBinder'
2024-02-09 01:25:51 [main] DEBUG o.s.b.f.s.DefaultListableBeanFactory - Creating shared instance of singleton bean 'jdbcConnectionDetailsHikariBeanPostProcessor'
2024-02-09 01:25:51 [main] DEBUG o.s.b.f.s.DefaultListableBeanFactory - Creating shared instance of singleton bean 'org.springframework.aop.config.internalAutoProxyCreator'
2024-02-09 01:25:51 [main] DEBUG o.s.b.f.s.DefaultListableBeanFactory - Creating shared instance of singleton bean 'org.springframework.context.annotation.internalScheduledAnnotationProcessor'
2024-02-09 01:25:51 [main] DEBUG o.s.b.f.s.DefaultListableBeanFactory - Creating shared instance of singleton bean 'org.springframework.scheduling.annotation.SchedulingConfiguration'
2024-02-09 01:25:51 [main] DEBUG o.s.b.f.s.DefaultListableBeanFactory - Creating shared instance of singleton bean 'org.springframework.amqp.rabbit.config.internalRabbitListenerAnnotationProcessor'
2024-02-09 01:25:51 [main] DEBUG o.s.b.f.s.DefaultListableBeanFactory - Creating shared instance of singleton bean 'rabbitConnectionFactoryMetricsPostProcessor'
2024-02-09 01:25:51 [main] DEBUG o.s.b.f.s.DefaultListableBeanFactory - Autowiring by type from bean name 'rabbitConnectionFactoryMetricsPostProcessor' via factory method to bean named 'org.springframework.web.context.support.GenericWebApplicationContext@634d56eb'
2024-02-09 01:25:51 [main] DEBUG o.s.b.f.s.DefaultListableBeanFactory - Creating shared instance of singleton bean 'persistenceExceptionTranslationPostProcessor'
2024-02-09 01:25:51 [main] DEBUG o.s.b.f.s.DefaultListableBeanFactory - Autowiring by type from bean name 'persistenceExceptionTranslationPostProcessor' via factory method to bean named 'environment'
2024-02-09 01:25:51 [main] DEBUG o.s.b.f.s.DefaultListableBeanFactory - Creating shared instance of singleton bean 'webServerFactoryCustomizerBeanPostProcessor'
2024-02-09 01:25:51 [main] DEBUG o.s.b.f.s.DefaultListableBeanFactory - Creating shared instance of singleton bean 'errorPageRegistrarBeanPostProcessor'
2024-02-09 01:25:51 [main] DEBUG o.s.b.f.s.DefaultListableBeanFactory - Creating shared instance of singleton bean 'meterRegistryPostProcessor'
2024-02-09 01:25:51 [main] DEBUG o.s.b.f.s.DefaultListableBeanFactory - Creating shared instance of singleton bean 'org.springframework.cache.config.internalCacheAdvisor'
2024-02-09 01:25:51 [main] DEBUG o.s.b.f.s.DefaultListableBeanFactory - Creating shared instance of singleton bean 'org.springframework.cache.annotation.ProxyCachingConfiguration'
2024-02-09 01:25:51 [main] DEBUG o.s.b.f.s.DefaultListableBeanFactory - Creating shared instance of singleton bean 'preFilterAuthorizationAdvisor'
2024-02-09 01:25:51 [main] DEBUG o.s.b.f.s.DefaultListableBeanFactory - Autowiring by type from bean name 'preFilterAuthorizationAdvisor' via factory method to bean named 'org.springframework.web.context.support.GenericWebApplicationContext@634d56eb'
2024-02-09 01:25:51 [main] DEBUG o.s.b.f.s.DefaultListableBeanFactory - Creating shared instance of singleton bean 'preAuthorizeAuthorizationAdvisor'
2024-02-09 01:25:51 [main] DEBUG o.s.b.f.s.DefaultListableBeanFactory - Autowiring by type from bean name 'preAuthorizeAuthorizationAdvisor' via factory method to bean named 'org.springframework.web.context.support.GenericWebApplicationContext@634d56eb'
2024-02-09 01:25:51 [main] DEBUG o.s.b.f.s.DefaultListableBeanFactory - Creating shared instance of singleton bean 'postFilterAuthorizationAdvisor'
2024-02-09 01:25:51 [main] DEBUG o.s.b.f.s.DefaultListableBeanFactory - Autowiring by type from bean name 'postFilterAuthorizationAdvisor' via factory method to bean named 'org.springframework.web.context.support.GenericWebApplicationContext@634d56eb'
2024-02-09 01:25:51 [main] DEBUG o.s.b.f.s.DefaultListableBeanFactory - Creating shared instance of singleton bean 'postAuthorizeAuthorizationAdvisor'
2024-02-09 01:25:51 [main] DEBUG o.s.b.f.s.DefaultListableBeanFactory - Autowiring by type from bean name 'postAuthorizeAuthorizationAdvisor' via factory method to bean named 'org.springframework.web.context.support.GenericWebApplicationContext@634d56eb'
2024-02-09 01:25:51 [main] DEBUG o.s.b.f.s.DefaultListableBeanFactory - Creating shared instance of singleton bean 'org.springframework.transaction.config.internalTransactionAdvisor'
2024-02-09 01:25:51 [main] DEBUG o.s.b.f.s.DefaultListableBeanFactory - Creating shared instance of singleton bean 'org.springframework.transaction.annotation.ProxyTransactionManagementConfiguration'
2024-02-09 01:25:51 [main] DEBUG o.s.a.a.a.ReflectiveAspectJAdvisorFactory - Found AspectJ method: public void com.example.demo.utils.EmailAspect.sendEmailAfterMethodExecution(org.aspectj.lang.JoinPoint)
2024-02-09 01:25:51 [main] DEBUG o.s.a.a.a.ReflectiveAspectJAdvisorFactory - Found AspectJ method: public java.lang.Object io.micrometer.core.aop.CountedAspect.interceptAndRecord(org.aspectj.lang.ProceedingJoinPoint,io.micrometer.core.annotation.Counted) throws java.lang.Throwable
2024-02-09 01:25:51 [main] DEBUG o.s.a.a.a.ReflectiveAspectJAdvisorFactory - Found AspectJ method: public java.lang.Object io.micrometer.core.aop.TimedAspect.timedClass(org.aspectj.lang.ProceedingJoinPoint) throws java.lang.Throwable
2024-02-09 01:25:51 [main] DEBUG o.s.a.a.a.ReflectiveAspectJAdvisorFactory - Found AspectJ method: public java.lang.Object io.micrometer.core.aop.TimedAspect.timedMethod(org.aspectj.lang.ProceedingJoinPoint) throws java.lang.Throwable
2024-02-09 01:25:51 [main] DEBUG o.s.a.a.a.ReflectiveAspectJAdvisorFactory - Found AspectJ method: public java.lang.Object io.micrometer.observation.aop.ObservedAspect.observeClass(org.aspectj.lang.ProceedingJoinPoint) throws java.lang.Throwable
2024-02-09 01:25:51 [main] DEBUG o.s.a.a.a.ReflectiveAspectJAdvisorFactory - Found AspectJ method: public java.lang.Object io.micrometer.observation.aop.ObservedAspect.observeMethod(org.aspectj.lang.ProceedingJoinPoint) throws java.lang.Throwable
2024-02-09 01:25:52 [main] DEBUG o.s.b.f.s.DefaultListableBeanFactory - Creating shared instance of singleton bean 'transactionAttributeSource'
2024-02-09 01:25:52 [main] DEBUG o.s.b.f.s.DefaultListableBeanFactory - Creating shared instance of singleton bean 'transactionInterceptor'
2024-02-09 01:25:52 [main] DEBUG o.s.b.f.s.DefaultListableBeanFactory - Autowiring by type from bean name 'transactionInterceptor' via factory method to bean named 'transactionAttributeSource'
2024-02-09 01:25:52 [main] DEBUG o.s.b.f.s.DefaultListableBeanFactory - Autowiring by type from bean name 'org.springframework.transaction.config.internalTransactionAdvisor' via factory method to bean named 'transactionAttributeSource'
2024-02-09 01:25:52 [main] DEBUG o.s.b.f.s.DefaultListableBeanFactory - Autowiring by type from bean name 'org.springframework.transaction.config.internalTransactionAdvisor' via factory method to bean named 'transactionInterceptor'
2024-02-09 01:25:52 [main] DEBUG o.s.b.f.s.DefaultListableBeanFactory - Creating shared instance of singleton bean 'cacheOperationSource'
2024-02-09 01:25:52 [main] DEBUG o.s.b.f.s.DefaultListableBeanFactory - Creating shared instance of singleton bean 'cacheInterceptor'
2024-02-09 01:25:52 [main] DEBUG o.s.b.f.s.DefaultListableBeanFactory - Autowiring by type from bean name 'cacheInterceptor' via factory method to bean named 'cacheOperationSource'
2024-02-09 01:25:52 [main] DEBUG o.s.b.f.s.DefaultListableBeanFactory - Autowiring by type from bean name 'org.springframework.cache.config.internalCacheAdvisor' via factory method to bean named 'cacheOperationSource'
2024-02-09 01:25:52 [main] DEBUG o.s.b.f.s.DefaultListableBeanFactory - Autowiring by type from bean name 'org.springframework.cache.config.internalCacheAdvisor' via factory method to bean named 'cacheInterceptor'
2024-02-09 01:25:52 [main] DEBUG o.s.b.f.s.DefaultListableBeanFactory - Autowiring by type from bean name 'meterRegistryPostProcessor' via factory method to bean named 'org.springframework.web.context.support.GenericWebApplicationContext@634d56eb'
2024-02-09 01:25:52 [main] DEBUG o.s.b.f.s.DefaultListableBeanFactory - Creating shared instance of singleton bean 'healthEndpointGroupsBeanPostProcessor'
2024-02-09 01:25:52 [main] DEBUG o.s.b.f.s.DefaultListableBeanFactory - Creating shared instance of singleton bean 'metricsRepositoryMethodInvocationListenerBeanPostProcessor'
2024-02-09 01:25:52 [main] DEBUG o.s.b.f.s.DefaultListableBeanFactory - Creating shared instance of singleton bean 'observationRegistryPostProcessor'
2024-02-09 01:25:52 [main] DEBUG o.s.b.f.s.DefaultListableBeanFactory - Creating shared instance of singleton bean 'projectingArgumentResolverBeanPostProcessor'
2024-02-09 01:25:52 [main] DEBUG o.s.u.c.s.UiApplicationContextUtils - Unable to locate ThemeSource with name 'themeSource': using default [org.springframework.ui.context.support.ResourceBundleThemeSource@1c93530b]
2024-02-09 01:25:52 [main] DEBUG o.s.b.f.s.DefaultListableBeanFactory - Creating shared instance of singleton bean 'cacheManager'
2024-02-09 01:25:52 [main] DEBUG o.s.b.f.s.DefaultListableBeanFactory - Creating shared instance of singleton bean 'org.springframework.boot.autoconfigure.cache.RedisCacheConfiguration'
2024-02-09 01:25:52 [main] DEBUG o.s.b.f.s.DefaultListableBeanFactory - Creating shared instance of singleton bean 'spring.cache-org.springframework.boot.autoconfigure.cache.CacheProperties'
2024-02-09 01:25:52 [main] DEBUG o.s.b.f.s.DefaultListableBeanFactory - Creating shared instance of singleton bean 'org.springframework.boot.context.properties.BoundConfigurationProperties'
2024-02-09 01:25:52 [main] DEBUG o.s.b.f.s.DefaultListableBeanFactory - Creating shared instance of singleton bean 'cacheManagerCustomizers'
2024-02-09 01:25:52 [main] DEBUG o.s.b.f.s.DefaultListableBeanFactory - Creating shared instance of singleton bean 'org.springframework.boot.autoconfigure.cache.CacheAutoConfiguration'
2024-02-09 01:25:52 [main] DEBUG o.s.b.f.s.DefaultListableBeanFactory - Creating shared instance of singleton bean 'redisConnectionFactory'
2024-02-09 01:25:52 [main] DEBUG o.s.b.f.s.DefaultListableBeanFactory - Creating shared instance of singleton bean 'cacheConfig'
2024-02-09 01:25:52 [main] DEBUG o.s.c.e.PropertySourcesPropertyResolver - Found key 'spring.redis.host' in PropertySource 'environmentProperties' with value of type String
2024-02-09 01:25:52 [main] DEBUG o.s.c.e.PropertySourcesPropertyResolver - Found key 'spring.redis.port' in PropertySource 'environmentProperties' with value of type String
2024-02-09 01:25:52 [main] DEBUG i.n.u.i.l.InternalLoggerFactory - Using SLF4J as the default logging framework
2024-02-09 01:25:52 [main] DEBUG i.l.c.r.AddressResolverGroupProvider - Starting without optional netty's non-blocking DNS resolver library
2024-02-09 01:25:52 [main] DEBUG i.l.c.r.DefaultClientResources - -Dio.netty.eventLoopThreads: 8
2024-02-09 01:25:52 [main] DEBUG i.l.c.r.DefaultEventLoopGroupProvider - Creating executor io.netty.util.concurrent.DefaultEventExecutorGroup
2024-02-09 01:25:53 [main] DEBUG i.n.u.concurrent.GlobalEventExecutor - -Dio.netty.globalEventExecutor.quietPeriodSeconds: 1
2024-02-09 01:25:53 [main] DEBUG i.n.u.i.InternalThreadLocalMap - -Dio.netty.threadLocalMap.stringBuilder.initialSize: 1024
2024-02-09 01:25:53 [main] DEBUG i.n.u.i.InternalThreadLocalMap - -Dio.netty.threadLocalMap.stringBuilder.maxSize: 4096
2024-02-09 01:25:53 [main] DEBUG io.netty.util.ResourceLeakDetector - -Dio.netty.leakDetection.level: simple
2024-02-09 01:25:53 [main] DEBUG io.netty.util.ResourceLeakDetector - -Dio.netty.leakDetection.targetRecords: 4
2024-02-09 01:25:53 [main] DEBUG i.n.util.ResourceLeakDetectorFactory - Loaded default ResourceLeakDetector: io.netty.util.ResourceLeakDetector@235b4c49
2024-02-09 01:25:53 [main] DEBUG i.n.util.internal.PlatformDependent0 - -Dio.netty.noUnsafe: false
2024-02-09 01:25:53 [main] DEBUG i.n.util.internal.PlatformDependent0 - Java version: 21
2024-02-09 01:25:53 [main] DEBUG i.n.util.internal.PlatformDependent0 - sun.misc.Unsafe.theUnsafe: available
2024-02-09 01:25:53 [main] DEBUG i.n.util.internal.PlatformDependent0 - sun.misc.Unsafe.copyMemory: available
2024-02-09 01:25:53 [main] DEBUG i.n.util.internal.PlatformDependent0 - sun.misc.Unsafe.storeFence: available
2024-02-09 01:25:53 [main] DEBUG i.n.util.internal.PlatformDependent0 - java.nio.Buffer.address: available
2024-02-09 01:25:53 [main] DEBUG i.n.util.internal.PlatformDependent0 - direct buffer constructor: unavailable: Reflective setAccessible(true) disabled
2024-02-09 01:25:53 [main] DEBUG i.n.util.internal.PlatformDependent0 - java.nio.Bits.unaligned: available, true
2024-02-09 01:25:53 [main] DEBUG i.n.util.internal.PlatformDependent0 - jdk.internal.misc.Unsafe.allocateUninitializedArray(int): unavailable: class io.netty.util.internal.PlatformDependent0$7 cannot access class jdk.internal.misc.Unsafe (in module java.base) because module java.base does not export jdk.internal.misc to unnamed module @69b2283a
2024-02-09 01:25:53 [main] DEBUG i.n.util.internal.PlatformDependent0 - java.nio.DirectByteBuffer.<init>(long, {int,long}): unavailable
2024-02-09 01:25:53 [main] DEBUG i.n.util.internal.PlatformDependent - sun.misc.Unsafe: available
2024-02-09 01:25:53 [main] DEBUG i.n.util.internal.PlatformDependent - -Dio.netty.tmpdir: C:\Users\ADeepak\AppData\Local\Temp (java.io.tmpdir)
2024-02-09 01:25:53 [main] DEBUG i.n.util.internal.PlatformDependent - -Dio.netty.bitMode: 64 (sun.arch.data.model)
2024-02-09 01:25:53 [main] DEBUG i.n.util.internal.PlatformDependent - Platform: Windows
2024-02-09 01:25:53 [main] DEBUG i.n.util.internal.PlatformDependent - -Dio.netty.maxDirectMemory: -1 bytes
2024-02-09 01:25:53 [main] DEBUG i.n.util.internal.PlatformDependent - -Dio.netty.uninitializedArrayAllocationThreshold: -1
2024-02-09 01:25:53 [main] DEBUG io.netty.util.internal.CleanerJava9 - java.nio.ByteBuffer.cleaner(): available
2024-02-09 01:25:53 [main] DEBUG i.n.util.internal.PlatformDependent - -Dio.netty.noPreferDirect: false
2024-02-09 01:25:53 [main] DEBUG i.n.util.internal.PlatformDependent - org.jctools-core.MpscChunkedArrayQueue: available
2024-02-09 01:25:53 [main] DEBUG reactor.util.Loggers - Using Slf4j logging framework
2024-02-09 01:25:53 [main] DEBUG i.l.c.event.jfr.EventRecorderHolder - Starting with JFR support
2024-02-09 01:25:53 [main] DEBUG o.s.b.f.s.DefaultListableBeanFactory - Autowiring by type from bean name 'cacheManager' via factory method to bean named 'spring.cache-org.springframework.boot.autoconfigure.cache.CacheProperties'
2024-02-09 01:25:53 [main] DEBUG o.s.b.f.s.DefaultListableBeanFactory - Autowiring by type from bean name 'cacheManager' via factory method to bean named 'cacheManagerCustomizers'
2024-02-09 01:25:53 [main] DEBUG o.s.b.f.s.DefaultListableBeanFactory - Autowiring by type from bean name 'cacheManager' via factory method to bean named 'redisConnectionFactory'
2024-02-09 01:25:53 [main] DEBUG o.s.b.f.s.DefaultListableBeanFactory - Autowiring by type from bean name 'cacheManager' via factory method to bean named 'org.springframework.web.context.support.GenericWebApplicationContext@634d56eb'
2024-02-09 01:25:53 [main] DEBUG o.s.b.f.s.DefaultListableBeanFactory - Creating shared instance of singleton bean 'dataSourceScriptDatabaseInitializer'
2024-02-09 01:25:53 [main] DEBUG o.s.b.f.s.DefaultListableBeanFactory - Creating shared instance of singleton bean 'org.springframework.boot.autoconfigure.sql.init.DataSourceInitializationConfiguration'
2024-02-09 01:25:53 [main] DEBUG o.s.b.f.s.DefaultListableBeanFactory - Creating shared instance of singleton bean 'dataSource'
2024-02-09 01:25:53 [main] DEBUG o.s.b.f.s.DefaultListableBeanFactory - Creating shared instance of singleton bean 'org.springframework.boot.autoconfigure.jdbc.DataSourceConfiguration$Hikari'
2024-02-09 01:25:53 [main] DEBUG o.s.b.f.s.DefaultListableBeanFactory - Creating shared instance of singleton bean 'spring.datasource-org.springframework.boot.autoconfigure.jdbc.DataSourceProperties'
2024-02-09 01:25:53 [main] DEBUG o.s.b.f.s.DefaultListableBeanFactory - Creating shared instance of singleton bean 'jdbcConnectionDetails'
2024-02-09 01:25:53 [main] DEBUG o.s.b.f.s.DefaultListableBeanFactory - Creating shared instance of singleton bean 'org.springframework.boot.autoconfigure.jdbc.DataSourceAutoConfiguration$PooledDataSourceConfiguration'
2024-02-09 01:25:53 [main] DEBUG o.s.b.f.s.DefaultListableBeanFactory - Autowiring by type from bean name 'jdbcConnectionDetails' via factory method to bean named 'spring.datasource-org.springframework.boot.autoconfigure.jdbc.DataSourceProperties'
2024-02-09 01:25:53 [main] DEBUG o.s.b.f.s.DefaultListableBeanFactory - Autowiring by type from bean name 'dataSource' via factory method to bean named 'spring.datasource-org.springframework.boot.autoconfigure.jdbc.DataSourceProperties'
2024-02-09 01:25:53 [main] DEBUG o.s.b.f.s.DefaultListableBeanFactory - Autowiring by type from bean name 'dataSource' via factory method to bean named 'jdbcConnectionDetails'
2024-02-09 01:25:53 [main] DEBUG com.zaxxer.hikari.HikariConfig - Driver class com.mysql.cj.jdbc.Driver found in Thread context class loader jdk.internal.loader.ClassLoaders$AppClassLoader@5a07e868
2024-02-09 01:25:53 [main] DEBUG o.s.b.f.s.DefaultListableBeanFactory - Creating shared instance of singleton bean 'spring.sql.init-org.springframework.boot.autoconfigure.sql.init.SqlInitializationProperties'
2024-02-09 01:25:53 [main] DEBUG o.s.b.f.s.DefaultListableBeanFactory - Autowiring by type from bean name 'dataSourceScriptDatabaseInitializer' via factory method to bean named 'dataSource'
2024-02-09 01:25:53 [main] DEBUG o.s.b.f.s.DefaultListableBeanFactory - Autowiring by type from bean name 'dataSourceScriptDatabaseInitializer' via factory method to bean named 'spring.sql.init-org.springframework.boot.autoconfigure.sql.init.SqlInitializationProperties'
2024-02-09 01:25:53 [main] DEBUG o.s.b.f.s.DefaultListableBeanFactory - Creating shared instance of singleton bean 'entityManagerFactory'
2024-02-09 01:25:53 [main] DEBUG o.s.b.f.s.DefaultListableBeanFactory - Creating shared instance of singleton bean 'org.springframework.boot.autoconfigure.orm.jpa.HibernateJpaConfiguration'
2024-02-09 01:25:53 [main] DEBUG o.s.b.f.s.DefaultListableBeanFactory - Creating shared instance of singleton bean 'spring.jpa-org.springframework.boot.autoconfigure.orm.jpa.JpaProperties'
2024-02-09 01:25:53 [main] DEBUG o.s.b.f.s.DefaultListableBeanFactory - Creating shared instance of singleton bean 'spring.jpa.hibernate-org.springframework.boot.autoconfigure.orm.jpa.HibernateProperties'
2024-02-09 01:25:53 [main] DEBUG o.s.b.f.s.DefaultListableBeanFactory - Autowiring by type from bean name 'org.springframework.boot.autoconfigure.orm.jpa.HibernateJpaConfiguration' via constructor to bean named 'dataSource'
2024-02-09 01:25:53 [main] DEBUG o.s.b.f.s.DefaultListableBeanFactory - Autowiring by type from bean name 'org.springframework.boot.autoconfigure.orm.jpa.HibernateJpaConfiguration' via constructor to bean named 'spring.jpa-org.springframework.boot.autoconfigure.orm.jpa.JpaProperties'
2024-02-09 01:25:53 [main] DEBUG o.s.b.f.s.DefaultListableBeanFactory - Autowiring by type from bean name 'org.springframework.boot.autoconfigure.orm.jpa.HibernateJpaConfiguration' via constructor to bean named 'org.springframework.beans.factory.support.DefaultListableBeanFactory@3dfe520'
2024-02-09 01:25:53 [main] DEBUG o.s.b.f.s.DefaultListableBeanFactory - Autowiring by type from bean name 'org.springframework.boot.autoconfigure.orm.jpa.HibernateJpaConfiguration' via constructor to bean named 'spring.jpa.hibernate-org.springframework.boot.autoconfigure.orm.jpa.HibernateProperties'
2024-02-09 01:25:53 [main] DEBUG o.s.b.f.s.DefaultListableBeanFactory - Creating shared instance of singleton bean 'hikariPoolDataSourceMetadataProvider'
2024-02-09 01:25:53 [main] DEBUG o.s.b.f.s.DefaultListableBeanFactory - Creating shared instance of singleton bean 'org.springframework.boot.autoconfigure.jdbc.metadata.DataSourcePoolMetadataProvidersConfiguration$HikariPoolDataSourceMetadataProviderConfiguration'
2024-02-09 01:25:53 [main] DEBUG o.s.b.f.s.DefaultListableBeanFactory - Creating shared instance of singleton bean 'entityManagerFactoryBuilder'
2024-02-09 01:25:53 [main] DEBUG o.s.b.f.s.DefaultListableBeanFactory - Creating shared instance of singleton bean 'jpaVendorAdapter'
2024-02-09 01:25:53 [main] DEBUG org.jboss.logging - Logging Provider: org.jboss.logging.Slf4jLoggerProvider found via system property
2024-02-09 01:25:53 [main] DEBUG o.s.b.f.s.DefaultListableBeanFactory - Autowiring by type from bean name 'entityManagerFactoryBuilder' via factory method to bean named 'jpaVendorAdapter'
2024-02-09 01:25:53 [main] DEBUG o.s.b.f.s.DefaultListableBeanFactory - Creating shared instance of singleton bean 'persistenceManagedTypes'
2024-02-09 01:25:53 [main] DEBUG o.s.b.f.s.DefaultListableBeanFactory - Autowiring by type from bean name 'persistenceManagedTypes' via factory method to bean named 'org.springframework.beans.factory.support.DefaultListableBeanFactory@3dfe520'
2024-02-09 01:25:53 [main] DEBUG o.s.b.f.s.DefaultListableBeanFactory - Autowiring by type from bean name 'persistenceManagedTypes' via factory method to bean named 'org.springframework.web.context.support.GenericWebApplicationContext@634d56eb'
2024-02-09 01:25:53 [main] DEBUG o.s.b.f.s.DefaultListableBeanFactory - Creating shared instance of singleton bean 'org.springframework.boot.autoconfigure.domain.EntityScanPackages'
2024-02-09 01:25:53 [main] DEBUG o.s.b.f.s.DefaultListableBeanFactory - Autowiring by type from bean name 'entityManagerFactory' via factory method to bean named 'entityManagerFactoryBuilder'
2024-02-09 01:25:53 [main] DEBUG o.s.b.f.s.DefaultListableBeanFactory - Autowiring by type from bean name 'entityManagerFactory' via factory method to bean named 'persistenceManagedTypes'
2024-02-09 01:25:54 [main] DEBUG o.s.o.j.LocalContainerEntityManagerFactoryBean - Building JPA container EntityManagerFactory for persistence unit 'default'
2024-02-09 01:25:54 [main] DEBUG o.h.jpa.internal.util.LogHelper - PersistenceUnitInfo [
	name: default
	persistence provider classname: null
	classloader: jdk.internal.loader.ClassLoaders$AppClassLoader@5a07e868
	excludeUnlistedClasses: true
	JTA datasource: null
	Non JTA datasource: HikariDataSource (null)
	Transaction type: RESOURCE_LOCAL
	PU root URL: file:/C:/deepak/Product_Details/target/test-classes/
	Shared Cache Mode: UNSPECIFIED
	Validation Mode: AUTO
	Jar files URLs []
	Managed classes names [
		com.example.demo.model.Product
		com.example.demo.model.UserInfo]
	Mapping files names []
	Properties []
2024-02-09 01:25:54 [main] DEBUG o.h.i.internal.IntegratorServiceImpl - Adding Integrator [org.hibernate.boot.beanvalidation.BeanValidationIntegrator].
2024-02-09 01:25:54 [main] DEBUG o.h.i.internal.IntegratorServiceImpl - Adding Integrator [org.hibernate.cache.internal.CollectionCacheInvalidator].
2024-02-09 01:25:54 [main] INFO  org.hibernate.Version - HHH000412: Hibernate ORM core version 6.4.1.Final
2024-02-09 01:25:54 [main] DEBUG org.hibernate.cfg.Environment - HHH000206: 'hibernate.properties' not found
2024-02-09 01:25:54 [main] DEBUG org.hibernate.orm.idgen.factory - Registering IdentifierGenerator strategy [uuid2] -> [org.hibernate.id.UUIDGenerator]
2024-02-09 01:25:54 [main] DEBUG org.hibernate.orm.idgen.factory - Registering IdentifierGenerator strategy [guid] -> [org.hibernate.id.GUIDGenerator]
2024-02-09 01:25:54 [main] DEBUG org.hibernate.orm.idgen.factory - Registering IdentifierGenerator strategy [uuid] -> [org.hibernate.id.UUIDHexGenerator]
2024-02-09 01:25:54 [main] DEBUG org.hibernate.orm.idgen.factory - Registering IdentifierGenerator strategy [uuid.hex] -> [org.hibernate.id.UUIDHexGenerator]
2024-02-09 01:25:54 [main] DEBUG org.hibernate.orm.idgen.factory - Registering IdentifierGenerator strategy [assigned] -> [org.hibernate.id.Assigned]
2024-02-09 01:25:54 [main] DEBUG org.hibernate.orm.idgen.factory - Registering IdentifierGenerator strategy [identity] -> [org.hibernate.id.IdentityGenerator]
2024-02-09 01:25:54 [main] DEBUG org.hibernate.orm.idgen.factory - Registering IdentifierGenerator strategy [select] -> [org.hibernate.id.SelectGenerator]
2024-02-09 01:25:54 [main] DEBUG org.hibernate.orm.idgen.factory - Registering IdentifierGenerator strategy [sequence] -> [org.hibernate.id.enhanced.SequenceStyleGenerator]
2024-02-09 01:25:54 [main] DEBUG org.hibernate.orm.idgen.factory - Registering IdentifierGenerator strategy [increment] -> [org.hibernate.id.IncrementGenerator]
2024-02-09 01:25:54 [main] DEBUG org.hibernate.orm.idgen.factory - Registering IdentifierGenerator strategy [foreign] -> [org.hibernate.id.ForeignGenerator]
2024-02-09 01:25:54 [main] DEBUG org.hibernate.orm.idgen.factory - Registering IdentifierGenerator strategy [enhanced-sequence] -> [org.hibernate.id.enhanced.SequenceStyleGenerator]
2024-02-09 01:25:54 [main] DEBUG org.hibernate.orm.idgen.factory - Registering IdentifierGenerator strategy [enhanced-table] -> [org.hibernate.id.enhanced.TableGenerator]
2024-02-09 01:25:54 [main] DEBUG o.h.c.i.RegionFactoryInitiator - Cannot default RegionFactory based on registered strategies as `[]` RegionFactory strategies were registered
2024-02-09 01:25:54 [main] INFO  o.h.c.i.RegionFactoryInitiator - HHH000026: Second-level cache disabled
2024-02-09 01:25:54 [main] DEBUG o.hibernate.type.BasicTypeRegistry - Adding type registration boolean -> org.hibernate.type.BasicTypeReference@6d642c00
2024-02-09 01:25:54 [main] DEBUG o.hibernate.type.BasicTypeRegistry - Adding type registration boolean -> org.hibernate.type.BasicTypeReference@6d642c00
2024-02-09 01:25:54 [main] DEBUG o.hibernate.type.BasicTypeRegistry - Adding type registration java.lang.Boolean -> org.hibernate.type.BasicTypeReference@6d642c00
2024-02-09 01:25:54 [main] DEBUG o.hibernate.type.BasicTypeRegistry - Adding type registration numeric_boolean -> org.hibernate.type.BasicTypeReference@1bf2ca80
2024-02-09 01:25:54 [main] DEBUG o.hibernate.type.BasicTypeRegistry - Adding type registration org.hibernate.type.NumericBooleanConverter -> org.hibernate.type.BasicTypeReference@1bf2ca80
2024-02-09 01:25:54 [main] DEBUG o.hibernate.type.BasicTypeRegistry - Adding type registration true_false -> org.hibernate.type.BasicTypeReference@3dba2e0b
2024-02-09 01:25:54 [main] DEBUG o.hibernate.type.BasicTypeRegistry - Adding type registration org.hibernate.type.TrueFalseConverter -> org.hibernate.type.BasicTypeReference@3dba2e0b
2024-02-09 01:25:54 [main] DEBUG o.hibernate.type.BasicTypeRegistry - Adding type registration yes_no -> org.hibernate.type.BasicTypeReference@2f2e38a7
2024-02-09 01:25:54 [main] DEBUG o.hibernate.type.BasicTypeRegistry - Adding type registration org.hibernate.type.YesNoConverter -> org.hibernate.type.BasicTypeReference@2f2e38a7
2024-02-09 01:25:54 [main] DEBUG o.hibernate.type.BasicTypeRegistry - Adding type registration byte -> org.hibernate.type.BasicTypeReference@6366056e
2024-02-09 01:25:54 [main] DEBUG o.hibernate.type.BasicTypeRegistry - Adding type registration byte -> org.hibernate.type.BasicTypeReference@6366056e
2024-02-09 01:25:54 [main] DEBUG o.hibernate.type.BasicTypeRegistry - Adding type registration java.lang.Byte -> org.hibernate.type.BasicTypeReference@6366056e
2024-02-09 01:25:54 [main] DEBUG o.hibernate.type.BasicTypeRegistry - Adding type registration binary -> org.hibernate.type.BasicTypeReference@6e4d7548
2024-02-09 01:25:54 [main] DEBUG o.hibernate.type.BasicTypeRegistry - Adding type registration byte[] -> org.hibernate.type.BasicTypeReference@6e4d7548
2024-02-09 01:25:54 [main] DEBUG o.hibernate.type.BasicTypeRegistry - Adding type registration [B -> org.hibernate.type.BasicTypeReference@6e4d7548
2024-02-09 01:25:54 [main] DEBUG o.hibernate.type.BasicTypeRegistry - Adding type registration binary_wrapper -> org.hibernate.type.BasicTypeReference@2ebc4fc
2024-02-09 01:25:54 [main] DEBUG o.hibernate.type.BasicTypeRegistry - Adding type registration wrapper-binary -> org.hibernate.type.BasicTypeReference@2ebc4fc
2024-02-09 01:25:54 [main] DEBUG o.hibernate.type.BasicTypeRegistry - Adding type registration image -> org.hibernate.type.BasicTypeReference@5cde2f06
2024-02-09 01:25:54 [main] DEBUG o.hibernate.type.BasicTypeRegistry - Adding type registration blob -> org.hibernate.type.BasicTypeReference@f400c86
2024-02-09 01:25:54 [main] DEBUG o.hibernate.type.BasicTypeRegistry - Adding type registration java.sql.Blob -> org.hibernate.type.BasicTypeReference@f400c86
2024-02-09 01:25:54 [main] DEBUG o.hibernate.type.BasicTypeRegistry - Adding type registration materialized_blob -> org.hibernate.type.BasicTypeReference@aa2df13
2024-02-09 01:25:54 [main] DEBUG o.hibernate.type.BasicTypeRegistry - Adding type registration materialized_blob_wrapper -> org.hibernate.type.BasicTypeReference@5632369f
2024-02-09 01:25:54 [main] DEBUG o.hibernate.type.BasicTypeRegistry - Adding type registration short -> org.hibernate.type.BasicTypeReference@7bb98540
2024-02-09 01:25:54 [main] DEBUG o.hibernate.type.BasicTypeRegistry - Adding type registration short -> org.hibernate.type.BasicTypeReference@7bb98540
2024-02-09 01:25:54 [main] DEBUG o.hibernate.type.BasicTypeRegistry - Adding type registration java.lang.Short -> org.hibernate.type.BasicTypeReference@7bb98540
2024-02-09 01:25:54 [main] DEBUG o.hibernate.type.BasicTypeRegistry - Adding type registration integer -> org.hibernate.type.BasicTypeReference@7492928d
2024-02-09 01:25:54 [main] DEBUG o.hibernate.type.BasicTypeRegistry - Adding type registration int -> org.hibernate.type.BasicTypeReference@7492928d
2024-02-09 01:25:54 [main] DEBUG o.hibernate.type.BasicTypeRegistry - Adding type registration java.lang.Integer -> org.hibernate.type.BasicTypeReference@7492928d
2024-02-09 01:25:54 [main] DEBUG o.hibernate.type.BasicTypeRegistry - Adding type registration long -> org.hibernate.type.BasicTypeReference@68d4814b
2024-02-09 01:25:54 [main] DEBUG o.hibernate.type.BasicTypeRegistry - Adding type registration long -> org.hibernate.type.BasicTypeReference@68d4814b
2024-02-09 01:25:54 [main] DEBUG o.hibernate.type.BasicTypeRegistry - Adding type registration java.lang.Long -> org.hibernate.type.BasicTypeReference@68d4814b
2024-02-09 01:25:54 [main] DEBUG o.hibernate.type.BasicTypeRegistry - Adding type registration float -> org.hibernate.type.BasicTypeReference@2f95c400
2024-02-09 01:25:54 [main] DEBUG o.hibernate.type.BasicTypeRegistry - Adding type registration float -> org.hibernate.type.BasicTypeReference@2f95c400
2024-02-09 01:25:54 [main] DEBUG o.hibernate.type.BasicTypeRegistry - Adding type registration java.lang.Float -> org.hibernate.type.BasicTypeReference@2f95c400
2024-02-09 01:25:54 [main] DEBUG o.hibernate.type.BasicTypeRegistry - Adding type registration double -> org.hibernate.type.BasicTypeReference@18b1c737
2024-02-09 01:25:54 [main] DEBUG o.hibernate.type.BasicTypeRegistry - Adding type registration double -> org.hibernate.type.BasicTypeReference@18b1c737
2024-02-09 01:25:54 [main] DEBUG o.hibernate.type.BasicTypeRegistry - Adding type registration java.lang.Double -> org.hibernate.type.BasicTypeReference@18b1c737
2024-02-09 01:25:54 [main] DEBUG o.hibernate.type.BasicTypeRegistry - Adding type registration big_integer -> org.hibernate.type.BasicTypeReference@78573856
2024-02-09 01:25:54 [main] DEBUG o.hibernate.type.BasicTypeRegistry - Adding type registration java.math.BigInteger -> org.hibernate.type.BasicTypeReference@78573856
2024-02-09 01:25:54 [main] DEBUG o.hibernate.type.BasicTypeRegistry - Adding type registration big_decimal -> org.hibernate.type.BasicTypeReference@344520ce
2024-02-09 01:25:54 [main] DEBUG o.hibernate.type.BasicTypeRegistry - Adding type registration java.math.BigDecimal -> org.hibernate.type.BasicTypeReference@344520ce
2024-02-09 01:25:54 [main] DEBUG o.hibernate.type.BasicTypeRegistry - Adding type registration character -> org.hibernate.type.BasicTypeReference@35f15782
2024-02-09 01:25:54 [main] DEBUG o.hibernate.type.BasicTypeRegistry - Adding type registration char -> org.hibernate.type.BasicTypeReference@35f15782
2024-02-09 01:25:54 [main] DEBUG o.hibernate.type.BasicTypeRegistry - Adding type registration java.lang.Character -> org.hibernate.type.BasicTypeReference@35f15782
2024-02-09 01:25:54 [main] DEBUG o.hibernate.type.BasicTypeRegistry - Adding type registration character_nchar -> org.hibernate.type.BasicTypeReference@23efa674
2024-02-09 01:25:54 [main] DEBUG o.hibernate.type.BasicTypeRegistry - Adding type registration string -> org.hibernate.type.BasicTypeReference@623bafd7
2024-02-09 01:25:54 [main] DEBUG o.hibernate.type.BasicTypeRegistry - Adding type registration java.lang.String -> org.hibernate.type.BasicTypeReference@623bafd7
2024-02-09 01:25:54 [main] DEBUG o.hibernate.type.BasicTypeRegistry - Adding type registration nstring -> org.hibernate.type.BasicTypeReference@7f65a00e
2024-02-09 01:25:54 [main] DEBUG o.hibernate.type.BasicTypeRegistry - Adding type registration characters -> org.hibernate.type.BasicTypeReference@4097b527
2024-02-09 01:25:54 [main] DEBUG o.hibernate.type.BasicTypeRegistry - Adding type registration char[] -> org.hibernate.type.BasicTypeReference@4097b527
2024-02-09 01:25:54 [main] DEBUG o.hibernate.type.BasicTypeRegistry - Adding type registration [C -> org.hibernate.type.BasicTypeReference@4097b527
2024-02-09 01:25:54 [main] DEBUG o.hibernate.type.BasicTypeRegistry - Adding type registration wrapper-characters -> org.hibernate.type.BasicTypeReference@1e956747
2024-02-09 01:25:54 [main] DEBUG o.hibernate.type.BasicTypeRegistry - Adding type registration text -> org.hibernate.type.BasicTypeReference@21ef2655
2024-02-09 01:25:54 [main] DEBUG o.hibernate.type.BasicTypeRegistry - Adding type registration ntext -> org.hibernate.type.BasicTypeReference@735887b6
2024-02-09 01:25:54 [main] DEBUG o.hibernate.type.BasicTypeRegistry - Adding type registration clob -> org.hibernate.type.BasicTypeReference@e9b3a77
2024-02-09 01:25:54 [main] DEBUG o.hibernate.type.BasicTypeRegistry - Adding type registration java.sql.Clob -> org.hibernate.type.BasicTypeReference@e9b3a77
2024-02-09 01:25:54 [main] DEBUG o.hibernate.type.BasicTypeRegistry - Adding type registration nclob -> org.hibernate.type.BasicTypeReference@3b01dbbc
2024-02-09 01:25:54 [main] DEBUG o.hibernate.type.BasicTypeRegistry - Adding type registration java.sql.NClob -> org.hibernate.type.BasicTypeReference@3b01dbbc
2024-02-09 01:25:54 [main] DEBUG o.hibernate.type.BasicTypeRegistry - Adding type registration materialized_clob -> org.hibernate.type.BasicTypeReference@63049f07
2024-02-09 01:25:54 [main] DEBUG o.hibernate.type.BasicTypeRegistry - Adding type registration materialized_clob_char_array -> org.hibernate.type.BasicTypeReference@54d6c1e6
2024-02-09 01:25:54 [main] DEBUG o.hibernate.type.BasicTypeRegistry - Adding type registration materialized_clob_character_array -> org.hibernate.type.BasicTypeReference@3c91189
2024-02-09 01:25:54 [main] DEBUG o.hibernate.type.BasicTypeRegistry - Adding type registration materialized_nclob -> org.hibernate.type.BasicTypeReference@36a0e677
2024-02-09 01:25:54 [main] DEBUG o.hibernate.type.BasicTypeRegistry - Adding type registration materialized_nclob_character_array -> org.hibernate.type.BasicTypeReference@711bbb03
2024-02-09 01:25:54 [main] DEBUG o.hibernate.type.BasicTypeRegistry - Adding type registration materialized_nclob_char_array -> org.hibernate.type.BasicTypeReference@13a09d37
2024-02-09 01:25:54 [main] DEBUG o.hibernate.type.BasicTypeRegistry - Adding type registration Duration -> org.hibernate.type.BasicTypeReference@582e8393
2024-02-09 01:25:54 [main] DEBUG o.hibernate.type.BasicTypeRegistry - Adding type registration java.time.Duration -> org.hibernate.type.BasicTypeReference@582e8393
2024-02-09 01:25:54 [main] DEBUG o.hibernate.type.BasicTypeRegistry - Adding type registration LocalDateTime -> org.hibernate.type.BasicTypeReference@698c55bf
2024-02-09 01:25:54 [main] DEBUG o.hibernate.type.BasicTypeRegistry - Adding type registration java.time.LocalDateTime -> org.hibernate.type.BasicTypeReference@698c55bf
2024-02-09 01:25:54 [main] DEBUG o.hibernate.type.BasicTypeRegistry - Adding type registration LocalDate -> org.hibernate.type.BasicTypeReference@45e3282e
2024-02-09 01:25:54 [main] DEBUG o.hibernate.type.BasicTypeRegistry - Adding type registration java.time.LocalDate -> org.hibernate.type.BasicTypeReference@45e3282e
2024-02-09 01:25:54 [main] DEBUG o.hibernate.type.BasicTypeRegistry - Adding type registration LocalTime -> org.hibernate.type.BasicTypeReference@52bd4c80
2024-02-09 01:25:54 [main] DEBUG o.hibernate.type.BasicTypeRegistry - Adding type registration java.time.LocalTime -> org.hibernate.type.BasicTypeReference@52bd4c80
2024-02-09 01:25:54 [main] DEBUG o.hibernate.type.BasicTypeRegistry - Adding type registration OffsetDateTime -> org.hibernate.type.BasicTypeReference@7e236f5f
2024-02-09 01:25:54 [main] DEBUG o.hibernate.type.BasicTypeRegistry - Adding type registration java.time.OffsetDateTime -> org.hibernate.type.BasicTypeReference@7e236f5f
2024-02-09 01:25:54 [main] DEBUG o.hibernate.type.BasicTypeRegistry - Adding type registration OffsetDateTimeWithTimezone -> org.hibernate.type.BasicTypeReference@7589fc89
2024-02-09 01:25:54 [main] DEBUG o.hibernate.type.BasicTypeRegistry - Adding type registration OffsetDateTimeWithoutTimezone -> org.hibernate.type.BasicTypeReference@2977084e
2024-02-09 01:25:54 [main] DEBUG o.hibernate.type.BasicTypeRegistry - Adding type registration OffsetTime -> org.hibernate.type.BasicTypeReference@111698ac
2024-02-09 01:25:54 [main] DEBUG o.hibernate.type.BasicTypeRegistry - Adding type registration java.time.OffsetTime -> org.hibernate.type.BasicTypeReference@111698ac
2024-02-09 01:25:54 [main] DEBUG o.hibernate.type.BasicTypeRegistry - Adding type registration OffsetTimeUtc -> org.hibernate.type.BasicTypeReference@74aa4446
2024-02-09 01:25:54 [main] DEBUG o.hibernate.type.BasicTypeRegistry - Adding type registration OffsetTimeWithTimezone -> org.hibernate.type.BasicTypeReference@4efd93ee
2024-02-09 01:25:54 [main] DEBUG o.hibernate.type.BasicTypeRegistry - Adding type registration OffsetTimeWithoutTimezone -> org.hibernate.type.BasicTypeReference@5f59d707
2024-02-09 01:25:54 [main] DEBUG o.hibernate.type.BasicTypeRegistry - Adding type registration ZonedDateTime -> org.hibernate.type.BasicTypeReference@7aafe7b8
2024-02-09 01:25:54 [main] DEBUG o.hibernate.type.BasicTypeRegistry - Adding type registration java.time.ZonedDateTime -> org.hibernate.type.BasicTypeReference@7aafe7b8
2024-02-09 01:25:54 [main] DEBUG o.hibernate.type.BasicTypeRegistry - Adding type registration ZonedDateTimeWithTimezone -> org.hibernate.type.BasicTypeReference@5c0104df
2024-02-09 01:25:54 [main] DEBUG o.hibernate.type.BasicTypeRegistry - Adding type registration ZonedDateTimeWithoutTimezone -> org.hibernate.type.BasicTypeReference@7ec19e52
2024-02-09 01:25:54 [main] DEBUG o.hibernate.type.BasicTypeRegistry - Adding type registration date -> org.hibernate.type.BasicTypeReference@6f319f62
2024-02-09 01:25:54 [main] DEBUG o.hibernate.type.BasicTypeRegistry - Adding type registration java.sql.Date -> org.hibernate.type.BasicTypeReference@6f319f62
2024-02-09 01:25:54 [main] DEBUG o.hibernate.type.BasicTypeRegistry - Adding type registration time -> org.hibernate.type.BasicTypeReference@6a26271b
2024-02-09 01:25:54 [main] DEBUG o.hibernate.type.BasicTypeRegistry - Adding type registration java.sql.Time -> org.hibernate.type.BasicTypeReference@6a26271b
2024-02-09 01:25:54 [main] DEBUG o.hibernate.type.BasicTypeRegistry - Adding type registration timestamp -> org.hibernate.type.BasicTypeReference@3ed5e17c
2024-02-09 01:25:54 [main] DEBUG o.hibernate.type.BasicTypeRegistry - Adding type registration java.sql.Timestamp -> org.hibernate.type.BasicTypeReference@3ed5e17c
2024-02-09 01:25:54 [main] DEBUG o.hibernate.type.BasicTypeRegistry - Adding type registration java.util.Date -> org.hibernate.type.BasicTypeReference@3ed5e17c
2024-02-09 01:25:54 [main] DEBUG o.hibernate.type.BasicTypeRegistry - Adding type registration calendar -> org.hibernate.type.BasicTypeReference@4c94dbfa
2024-02-09 01:25:54 [main] DEBUG o.hibernate.type.BasicTypeRegistry - Adding type registration java.util.Calendar -> org.hibernate.type.BasicTypeReference@4c94dbfa
2024-02-09 01:25:54 [main] DEBUG o.hibernate.type.BasicTypeRegistry - Adding type registration java.util.GregorianCalendar -> org.hibernate.type.BasicTypeReference@4c94dbfa
2024-02-09 01:25:54 [main] DEBUG o.hibernate.type.BasicTypeRegistry - Adding type registration calendar_date -> org.hibernate.type.BasicTypeReference@2fbd9785
2024-02-09 01:25:54 [main] DEBUG o.hibernate.type.BasicTypeRegistry - Adding type registration calendar_time -> org.hibernate.type.BasicTypeReference@74786396
2024-02-09 01:25:54 [main] DEBUG o.hibernate.type.BasicTypeRegistry - Adding type registration instant -> org.hibernate.type.BasicTypeReference@6537b264
2024-02-09 01:25:54 [main] DEBUG o.hibernate.type.BasicTypeRegistry - Adding type registration java.time.Instant -> org.hibernate.type.BasicTypeReference@6537b264
2024-02-09 01:25:54 [main] DEBUG o.hibernate.type.BasicTypeRegistry - Adding type registration uuid -> org.hibernate.type.BasicTypeReference@f96ee33
2024-02-09 01:25:54 [main] DEBUG o.hibernate.type.BasicTypeRegistry - Adding type registration java.util.UUID -> org.hibernate.type.BasicTypeReference@f96ee33
2024-02-09 01:25:54 [main] DEBUG o.hibernate.type.BasicTypeRegistry - Adding type registration pg-uuid -> org.hibernate.type.BasicTypeReference@f96ee33
2024-02-09 01:25:54 [main] DEBUG o.hibernate.type.BasicTypeRegistry - Adding type registration uuid-binary -> org.hibernate.type.BasicTypeReference@4cd451fb
2024-02-09 01:25:54 [main] DEBUG o.hibernate.type.BasicTypeRegistry - Adding type registration uuid-char -> org.hibernate.type.BasicTypeReference@7b07ef24
2024-02-09 01:25:54 [main] DEBUG o.hibernate.type.BasicTypeRegistry - Adding type registration class -> org.hibernate.type.BasicTypeReference@23fbc6b2
2024-02-09 01:25:54 [main] DEBUG o.hibernate.type.BasicTypeRegistry - Adding type registration java.lang.Class -> org.hibernate.type.BasicTypeReference@23fbc6b2
2024-02-09 01:25:54 [main] DEBUG o.hibernate.type.BasicTypeRegistry - Adding type registration currency -> org.hibernate.type.BasicTypeReference@1ba44388
2024-02-09 01:25:54 [main] DEBUG o.hibernate.type.BasicTypeRegistry - Adding type registration Currency -> org.hibernate.type.BasicTypeReference@1ba44388
2024-02-09 01:25:54 [main] DEBUG o.hibernate.type.BasicTypeRegistry - Adding type registration java.util.Currency -> org.hibernate.type.BasicTypeReference@1ba44388
2024-02-09 01:25:54 [main] DEBUG o.hibernate.type.BasicTypeRegistry - Adding type registration locale -> org.hibernate.type.BasicTypeReference@31ab3dc7
2024-02-09 01:25:54 [main] DEBUG o.hibernate.type.BasicTypeRegistry - Adding type registration java.util.Locale -> org.hibernate.type.BasicTypeReference@31ab3dc7
2024-02-09 01:25:54 [main] DEBUG o.hibernate.type.BasicTypeRegistry - Adding type registration serializable -> org.hibernate.type.BasicTypeReference@4c18a316
2024-02-09 01:25:54 [main] DEBUG o.hibernate.type.BasicTypeRegistry - Adding type registration java.io.Serializable -> org.hibernate.type.BasicTypeReference@4c18a316
2024-02-09 01:25:54 [main] DEBUG o.hibernate.type.BasicTypeRegistry - Adding type registration timezone -> org.hibernate.type.BasicTypeReference@7599111e
2024-02-09 01:25:54 [main] DEBUG o.hibernate.type.BasicTypeRegistry - Adding type registration java.util.TimeZone -> org.hibernate.type.BasicTypeReference@7599111e
2024-02-09 01:25:54 [main] DEBUG o.hibernate.type.BasicTypeRegistry - Adding type registration ZoneOffset -> org.hibernate.type.BasicTypeReference@c6578c1
2024-02-09 01:25:54 [main] DEBUG o.hibernate.type.BasicTypeRegistry - Adding type registration java.time.ZoneOffset -> org.hibernate.type.BasicTypeReference@c6578c1
2024-02-09 01:25:54 [main] DEBUG o.hibernate.type.BasicTypeRegistry - Adding type registration url -> org.hibernate.type.BasicTypeReference@6448398f
2024-02-09 01:25:54 [main] DEBUG o.hibernate.type.BasicTypeRegistry - Adding type registration java.net.URL -> org.hibernate.type.BasicTypeReference@6448398f
2024-02-09 01:25:54 [main] DEBUG o.hibernate.type.BasicTypeRegistry - Adding type registration vector -> org.hibernate.type.BasicTypeReference@6dc12603
2024-02-09 01:25:54 [main] DEBUG o.hibernate.type.BasicTypeRegistry - Adding type registration row_version -> org.hibernate.type.BasicTypeReference@506dcb44
2024-02-09 01:25:54 [main] DEBUG o.hibernate.type.BasicTypeRegistry - Adding type registration object -> org.hibernate.type.JavaObjectType@38534024
2024-02-09 01:25:54 [main] DEBUG o.hibernate.type.BasicTypeRegistry - Adding type registration java.lang.Object -> org.hibernate.type.JavaObjectType@38534024
2024-02-09 01:25:54 [main] DEBUG o.hibernate.type.BasicTypeRegistry - Adding type registration null -> org.hibernate.type.NullType@388f2bca
2024-02-09 01:25:54 [main] DEBUG o.hibernate.type.BasicTypeRegistry - Adding type registration imm_date -> org.hibernate.type.BasicTypeReference@4f21e216
2024-02-09 01:25:54 [main] DEBUG o.hibernate.type.BasicTypeRegistry - Adding type registration imm_time -> org.hibernate.type.BasicTypeReference@5b83e954
2024-02-09 01:25:54 [main] DEBUG o.hibernate.type.BasicTypeRegistry - Adding type registration imm_timestamp -> org.hibernate.type.BasicTypeReference@1d4e554f
2024-02-09 01:25:54 [main] DEBUG o.hibernate.type.BasicTypeRegistry - Adding type registration imm_calendar -> org.hibernate.type.BasicTypeReference@5c5eec57
2024-02-09 01:25:54 [main] DEBUG o.hibernate.type.BasicTypeRegistry - Adding type registration imm_calendar_date -> org.hibernate.type.BasicTypeReference@1caf8498
2024-02-09 01:25:54 [main] DEBUG o.hibernate.type.BasicTypeRegistry - Adding type registration imm_calendar_time -> org.hibernate.type.BasicTypeReference@58221710
2024-02-09 01:25:54 [main] DEBUG o.hibernate.type.BasicTypeRegistry - Adding type registration imm_binary -> org.hibernate.type.BasicTypeReference@3729c576
2024-02-09 01:25:54 [main] DEBUG o.hibernate.type.BasicTypeRegistry - Adding type registration imm_serializable -> org.hibernate.type.BasicTypeReference@1cbeab90
2024-02-09 01:25:54 [main] DEBUG o.h.b.internal.BootstrapContextImpl - Injecting JPA temp ClassLoader [org.springframework.instrument.classloading.SimpleThrowawayClassLoader@1bd6c0de] into BootstrapContext; was [null]
2024-02-09 01:25:54 [main] DEBUG o.h.b.internal.ClassLoaderAccessImpl - ClassLoaderAccessImpl#injectTempClassLoader(org.springframework.instrument.classloading.SimpleThrowawayClassLoader@1bd6c0de) [was null]
2024-02-09 01:25:54 [main] DEBUG o.h.b.internal.BootstrapContextImpl - Injecting ScanEnvironment [org.hibernate.jpa.boot.internal.StandardJpaScanEnvironmentImpl@702d5e75] into BootstrapContext; was [null]
2024-02-09 01:25:54 [main] DEBUG o.h.b.internal.BootstrapContextImpl - Injecting ScanOptions [org.hibernate.boot.archive.scan.internal.StandardScanOptions@4f8f7314] into BootstrapContext; was [org.hibernate.boot.archive.scan.internal.StandardScanOptions@228af76e]
2024-02-09 01:25:54 [main] DEBUG o.h.b.i.BytecodeProviderInitiator - HHH000021: Bytecode provider: bytebuddy
2024-02-09 01:25:54 [main] INFO  o.s.o.j.p.SpringPersistenceUnitInfo - No LoadTimeWeaver setup: ignoring JPA class transformer
2024-02-09 01:25:54 [main] DEBUG o.h.b.internal.BootstrapContextImpl - Injecting JPA temp ClassLoader [null] into BootstrapContext; was [org.springframework.instrument.classloading.SimpleThrowawayClassLoader@1bd6c0de]
2024-02-09 01:25:54 [main] DEBUG o.h.b.internal.ClassLoaderAccessImpl - ClassLoaderAccessImpl#injectTempClassLoader(null) [was org.springframework.instrument.classloading.SimpleThrowawayClassLoader@1bd6c0de]
2024-02-09 01:25:55 [main] DEBUG com.zaxxer.hikari.HikariConfig - HikariPool-1 - configuration:
2024-02-09 01:25:55 [main] DEBUG com.zaxxer.hikari.HikariConfig - allowPoolSuspension.............false
2024-02-09 01:25:55 [main] DEBUG com.zaxxer.hikari.HikariConfig - autoCommit......................true
2024-02-09 01:25:55 [main] DEBUG com.zaxxer.hikari.HikariConfig - catalog.........................none
2024-02-09 01:25:55 [main] DEBUG com.zaxxer.hikari.HikariConfig - connectionInitSql...............none
2024-02-09 01:25:55 [main] DEBUG com.zaxxer.hikari.HikariConfig - connectionTestQuery.............none
2024-02-09 01:25:55 [main] DEBUG com.zaxxer.hikari.HikariConfig - connectionTimeout...............30000
2024-02-09 01:25:55 [main] DEBUG com.zaxxer.hikari.HikariConfig - dataSource......................none
2024-02-09 01:25:55 [main] DEBUG com.zaxxer.hikari.HikariConfig - dataSourceClassName.............none
2024-02-09 01:25:55 [main] DEBUG com.zaxxer.hikari.HikariConfig - dataSourceJNDI..................none
2024-02-09 01:25:55 [main] DEBUG com.zaxxer.hikari.HikariConfig - dataSourceProperties............{password=<masked>}
2024-02-09 01:25:55 [main] DEBUG com.zaxxer.hikari.HikariConfig - driverClassName................."com.mysql.cj.jdbc.Driver"
2024-02-09 01:25:55 [main] DEBUG com.zaxxer.hikari.HikariConfig - exceptionOverrideClassName......none
2024-02-09 01:25:55 [main] DEBUG com.zaxxer.hikari.HikariConfig - healthCheckProperties...........{}
2024-02-09 01:25:55 [main] DEBUG com.zaxxer.hikari.HikariConfig - healthCheckRegistry.............none
2024-02-09 01:25:55 [main] DEBUG com.zaxxer.hikari.HikariConfig - idleTimeout.....................600000
2024-02-09 01:25:55 [main] DEBUG com.zaxxer.hikari.HikariConfig - initializationFailTimeout.......1
2024-02-09 01:25:55 [main] DEBUG com.zaxxer.hikari.HikariConfig - isolateInternalQueries..........false
2024-02-09 01:25:55 [main] DEBUG com.zaxxer.hikari.HikariConfig - jdbcUrl.........................jdbc:mysql://localhost:3306/ecommerce_db
2024-02-09 01:25:55 [main] DEBUG com.zaxxer.hikari.HikariConfig - keepaliveTime...................0
2024-02-09 01:25:55 [main] DEBUG com.zaxxer.hikari.HikariConfig - leakDetectionThreshold..........0
2024-02-09 01:25:55 [main] DEBUG com.zaxxer.hikari.HikariConfig - maxLifetime.....................1800000
2024-02-09 01:25:55 [main] DEBUG com.zaxxer.hikari.HikariConfig - maximumPoolSize.................10
2024-02-09 01:25:55 [main] DEBUG com.zaxxer.hikari.HikariConfig - metricRegistry..................none
2024-02-09 01:25:55 [main] DEBUG com.zaxxer.hikari.HikariConfig - metricsTrackerFactory...........none
2024-02-09 01:25:55 [main] DEBUG com.zaxxer.hikari.HikariConfig - minimumIdle.....................10
2024-02-09 01:25:55 [main] DEBUG com.zaxxer.hikari.HikariConfig - password........................<masked>
2024-02-09 01:25:55 [main] DEBUG com.zaxxer.hikari.HikariConfig - poolName........................"HikariPool-1"
2024-02-09 01:25:55 [main] DEBUG com.zaxxer.hikari.HikariConfig - readOnly........................false
2024-02-09 01:25:55 [main] DEBUG com.zaxxer.hikari.HikariConfig - registerMbeans..................false
2024-02-09 01:25:55 [main] DEBUG com.zaxxer.hikari.HikariConfig - scheduledExecutor...............none
2024-02-09 01:25:55 [main] DEBUG com.zaxxer.hikari.HikariConfig - schema..........................none
2024-02-09 01:25:55 [main] DEBUG com.zaxxer.hikari.HikariConfig - threadFactory...................internal
2024-02-09 01:25:55 [main] DEBUG com.zaxxer.hikari.HikariConfig - transactionIsolation............default
2024-02-09 01:25:55 [main] DEBUG com.zaxxer.hikari.HikariConfig - username........................"root"
2024-02-09 01:25:55 [main] DEBUG com.zaxxer.hikari.HikariConfig - validationTimeout...............5000
2024-02-09 01:25:55 [main] INFO  com.zaxxer.hikari.HikariDataSource - HikariPool-1 - Starting...
2024-02-09 01:25:55 [main] DEBUG jdk.event.security - X509Certificate: Alg:SHA256withRSA, Serial:2, Subject:CN=MySQL_Server_8.0.35_Auto_Generated_Server_Certificate, Issuer:CN=MySQL_Server_8.0.35_Auto_Generated_CA_Certificate, Key type:RSA, Length:2048, Cert Id:2737445021, Valid from:08/01/24, 2:11 pm, Valid until:05/01/34, 2:11 pm
2024-02-09 01:25:55 [main] DEBUG jdk.event.security - X509Certificate: Alg:SHA256withRSA, Serial:1, Subject:CN=MySQL_Server_8.0.35_Auto_Generated_CA_Certificate, Issuer:CN=MySQL_Server_8.0.35_Auto_Generated_CA_Certificate, Key type:RSA, Length:2048, Cert Id:2376590964, Valid from:08/01/24, 2:11 pm, Valid until:05/01/34, 2:11 pm
2024-02-09 01:25:55 [main] DEBUG jdk.event.security -  TLSHandshake: localhost:3306, TLSv1.3, TLS_AES_256_GCM_SHA384, 2737445021
2024-02-09 01:25:56 [main] INFO  com.zaxxer.hikari.pool.HikariPool - HikariPool-1 - Added connection com.mysql.cj.jdbc.ConnectionImpl@7ed96efa
2024-02-09 01:25:56 [main] INFO  com.zaxxer.hikari.HikariDataSource - HikariPool-1 - Start completed.
2024-02-09 01:25:56 [main] DEBUG o.h.e.j.e.i.JdbcEnvironmentInitiator - Database ->
       name : MySQL
    version : 8.0.35
      major : 8
      minor : 0
2024-02-09 01:25:56 [main] DEBUG o.h.e.j.e.i.JdbcEnvironmentInitiator - Driver ->
       name : MySQL Connector/J
    version : mysql-connector-j-8.1.0 (Revision: 7b6f9a337afe6ccb41823df485bf848ca7952b09)
      major : 8
      minor : 1
2024-02-09 01:25:56 [main] DEBUG o.h.e.j.e.i.JdbcEnvironmentInitiator - JDBC version : 4.2
2024-02-09 01:25:56 [HikariPool-1 housekeeper] DEBUG com.zaxxer.hikari.pool.HikariPool - HikariPool-1 - Pool stats (total=1, active=1, idle=0, waiting=0)
2024-02-09 01:25:56 [HikariPool-1 connection adder] DEBUG jdk.event.security - X509Certificate: Alg:SHA256withRSA, Serial:2, Subject:CN=MySQL_Server_8.0.35_Auto_Generated_Server_Certificate, Issuer:CN=MySQL_Server_8.0.35_Auto_Generated_CA_Certificate, Key type:RSA, Length:2048, Cert Id:2737445021, Valid from:08/01/24, 2:11 pm, Valid until:05/01/34, 2:11 pm
2024-02-09 01:25:56 [HikariPool-1 connection adder] DEBUG jdk.event.security - X509Certificate: Alg:SHA256withRSA, Serial:1, Subject:CN=MySQL_Server_8.0.35_Auto_Generated_CA_Certificate, Issuer:CN=MySQL_Server_8.0.35_Auto_Generated_CA_Certificate, Key type:RSA, Length:2048, Cert Id:2376590964, Valid from:08/01/24, 2:11 pm, Valid until:05/01/34, 2:11 pm
2024-02-09 01:25:56 [HikariPool-1 connection adder] DEBUG jdk.event.security -  TLSHandshake: localhost:3306, TLSv1.3, TLS_AES_256_GCM_SHA384, 2737445021
2024-02-09 01:25:56 [HikariPool-1 connection adder] DEBUG com.zaxxer.hikari.pool.HikariPool - HikariPool-1 - Added connection com.mysql.cj.jdbc.ConnectionImpl@16660c3b
2024-02-09 01:25:56 [HikariPool-1 connection adder] DEBUG jdk.event.security - X509Certificate: Alg:SHA256withRSA, Serial:2, Subject:CN=MySQL_Server_8.0.35_Auto_Generated_Server_Certificate, Issuer:CN=MySQL_Server_8.0.35_Auto_Generated_CA_Certificate, Key type:RSA, Length:2048, Cert Id:2737445021, Valid from:08/01/24, 2:11 pm, Valid until:05/01/34, 2:11 pm
2024-02-09 01:25:56 [HikariPool-1 connection adder] DEBUG jdk.event.security - X509Certificate: Alg:SHA256withRSA, Serial:1, Subject:CN=MySQL_Server_8.0.35_Auto_Generated_CA_Certificate, Issuer:CN=MySQL_Server_8.0.35_Auto_Generated_CA_Certificate, Key type:RSA, Length:2048, Cert Id:2376590964, Valid from:08/01/24, 2:11 pm, Valid until:05/01/34, 2:11 pm
2024-02-09 01:25:56 [HikariPool-1 connection adder] DEBUG jdk.event.security -  TLSHandshake: localhost:3306, TLSv1.3, TLS_AES_256_GCM_SHA384, 2737445021
2024-02-09 01:25:56 [HikariPool-1 connection adder] DEBUG com.zaxxer.hikari.pool.HikariPool - HikariPool-1 - Added connection com.mysql.cj.jdbc.ConnectionImpl@575b0600
2024-02-09 01:25:56 [HikariPool-1 connection adder] DEBUG jdk.event.security - X509Certificate: Alg:SHA256withRSA, Serial:2, Subject:CN=MySQL_Server_8.0.35_Auto_Generated_Server_Certificate, Issuer:CN=MySQL_Server_8.0.35_Auto_Generated_CA_Certificate, Key type:RSA, Length:2048, Cert Id:2737445021, Valid from:08/01/24, 2:11 pm, Valid until:05/01/34, 2:11 pm
2024-02-09 01:25:56 [HikariPool-1 connection adder] DEBUG jdk.event.security - X509Certificate: Alg:SHA256withRSA, Serial:1, Subject:CN=MySQL_Server_8.0.35_Auto_Generated_CA_Certificate, Issuer:CN=MySQL_Server_8.0.35_Auto_Generated_CA_Certificate, Key type:RSA, Length:2048, Cert Id:2376590964, Valid from:08/01/24, 2:11 pm, Valid until:05/01/34, 2:11 pm
2024-02-09 01:25:56 [HikariPool-1 connection adder] DEBUG jdk.event.security -  TLSHandshake: localhost:3306, TLSv1.3, TLS_AES_256_GCM_SHA384, 2737445021
2024-02-09 01:25:56 [main] DEBUG org.hibernate.orm.dialect - HHH035001: Using dialect: org.hibernate.dialect.MySQLDialect, version: 8.0.35
2024-02-09 01:25:56 [HikariPool-1 connection adder] DEBUG com.zaxxer.hikari.pool.HikariPool - HikariPool-1 - Added connection com.mysql.cj.jdbc.ConnectionImpl@66c6f55e
2024-02-09 01:25:56 [main] DEBUG o.h.e.j.e.s.IdentifierHelperBuilder - JDBC driver metadata reported database stores quoted identifiers in more than one case
2024-02-09 01:25:56 [main] DEBUG o.h.e.j.e.s.IdentifierHelperBuilder - IdentifierCaseStrategy for both quoted and unquoted identifiers was set to the same strategy [LOWER]; that will likely lead to problems in schema update and validation if using quoted identifiers
2024-02-09 01:25:56 [HikariPool-1 connection adder] DEBUG jdk.event.security - X509Certificate: Alg:SHA256withRSA, Serial:2, Subject:CN=MySQL_Server_8.0.35_Auto_Generated_Server_Certificate, Issuer:CN=MySQL_Server_8.0.35_Auto_Generated_CA_Certificate, Key type:RSA, Length:2048, Cert Id:2737445021, Valid from:08/01/24, 2:11 pm, Valid until:05/01/34, 2:11 pm
2024-02-09 01:25:56 [HikariPool-1 connection adder] DEBUG jdk.event.security - X509Certificate: Alg:SHA256withRSA, Serial:1, Subject:CN=MySQL_Server_8.0.35_Auto_Generated_CA_Certificate, Issuer:CN=MySQL_Server_8.0.35_Auto_Generated_CA_Certificate, Key type:RSA, Length:2048, Cert Id:2376590964, Valid from:08/01/24, 2:11 pm, Valid until:05/01/34, 2:11 pm
2024-02-09 01:25:56 [HikariPool-1 connection adder] DEBUG jdk.event.security -  TLSHandshake: localhost:3306, TLSv1.3, TLS_AES_256_GCM_SHA384, 2737445021
2024-02-09 01:25:56 [HikariPool-1 connection adder] DEBUG com.zaxxer.hikari.pool.HikariPool - HikariPool-1 - Added connection com.mysql.cj.jdbc.ConnectionImpl@3774f94f
2024-02-09 01:25:56 [HikariPool-1 connection adder] DEBUG jdk.event.security - X509Certificate: Alg:SHA256withRSA, Serial:2, Subject:CN=MySQL_Server_8.0.35_Auto_Generated_Server_Certificate, Issuer:CN=MySQL_Server_8.0.35_Auto_Generated_CA_Certificate, Key type:RSA, Length:2048, Cert Id:2737445021, Valid from:08/01/24, 2:11 pm, Valid until:05/01/34, 2:11 pm
2024-02-09 01:25:56 [HikariPool-1 connection adder] DEBUG jdk.event.security - X509Certificate: Alg:SHA256withRSA, Serial:1, Subject:CN=MySQL_Server_8.0.35_Auto_Generated_CA_Certificate, Issuer:CN=MySQL_Server_8.0.35_Auto_Generated_CA_Certificate, Key type:RSA, Length:2048, Cert Id:2376590964, Valid from:08/01/24, 2:11 pm, Valid until:05/01/34, 2:11 pm
2024-02-09 01:25:56 [main] DEBUG o.h.t.d.sql.spi.DdlTypeRegistry - addDescriptor(12, org.hibernate.type.descriptor.sql.internal.CapacityDependentDdlType@52997425) replaced previous registration(org.hibernate.type.descriptor.sql.internal.CapacityDependentDdlType@516a54be)
2024-02-09 01:25:56 [main] DEBUG o.h.t.d.sql.spi.DdlTypeRegistry - addDescriptor(-9, org.hibernate.type.descriptor.sql.internal.CapacityDependentDdlType@59196213) replaced previous registration(org.hibernate.type.descriptor.sql.internal.CapacityDependentDdlType@4a7f9a94)
2024-02-09 01:25:56 [main] DEBUG o.h.t.d.sql.spi.DdlTypeRegistry - addDescriptor(-3, org.hibernate.type.descriptor.sql.internal.CapacityDependentDdlType@53dee7a2) replaced previous registration(org.hibernate.type.descriptor.sql.internal.CapacityDependentDdlType@501286c3)
2024-02-09 01:25:56 [main] DEBUG o.h.t.d.sql.spi.DdlTypeRegistry - addDescriptor(4003, org.hibernate.type.descriptor.sql.internal.DdlTypeImpl@42097f28) replaced previous registration(org.hibernate.type.descriptor.sql.internal.DdlTypeImpl@7494e6c7)
2024-02-09 01:25:56 [main] DEBUG o.h.t.d.sql.spi.DdlTypeRegistry - addDescriptor(4001, org.hibernate.type.descriptor.sql.internal.DdlTypeImpl@50d3fc00) replaced previous registration(org.hibernate.type.descriptor.sql.internal.DdlTypeImpl@14335c47)
2024-02-09 01:25:56 [main] DEBUG o.h.t.d.sql.spi.DdlTypeRegistry - addDescriptor(4002, org.hibernate.type.descriptor.sql.internal.DdlTypeImpl@1dca91d6) replaced previous registration(org.hibernate.type.descriptor.sql.internal.DdlTypeImpl@4ebbee76)
2024-02-09 01:25:56 [main] DEBUG o.h.t.d.sql.spi.DdlTypeRegistry - addDescriptor(2004, org.hibernate.type.descriptor.sql.internal.CapacityDependentDdlType@1c7385d) replaced previous registration(org.hibernate.type.descriptor.sql.internal.DdlTypeImpl@f989d46)
2024-02-09 01:25:56 [main] DEBUG o.h.t.d.sql.spi.DdlTypeRegistry - addDescriptor(2005, org.hibernate.type.descriptor.sql.internal.CapacityDependentDdlType@4695f942) replaced previous registration(org.hibernate.type.descriptor.sql.internal.DdlTypeImpl@574c67b8)
2024-02-09 01:25:56 [main] DEBUG o.h.t.d.sql.spi.DdlTypeRegistry - addDescriptor(2011, org.hibernate.type.descriptor.sql.internal.CapacityDependentDdlType@6ff1b8dc) replaced previous registration(org.hibernate.type.descriptor.sql.internal.DdlTypeImpl@24487ac9)
2024-02-09 01:25:56 [HikariPool-1 connection adder] DEBUG jdk.event.security -  TLSHandshake: localhost:3306, TLSv1.3, TLS_AES_256_GCM_SHA384, 2737445021
2024-02-09 01:25:56 [main] DEBUG o.h.t.d.jdbc.spi.JdbcTypeRegistry - addDescriptor(NCharTypeDescriptor) replaced previous registration(CharTypeDescriptor)
2024-02-09 01:25:56 [main] DEBUG o.h.t.d.jdbc.spi.JdbcTypeRegistry - addDescriptor(NVarcharTypeDescriptor) replaced previous registration(VarcharTypeDescriptor)
2024-02-09 01:25:56 [main] DEBUG o.h.t.d.jdbc.spi.JdbcTypeRegistry - addDescriptor(LongNVarcharTypeDescriptor) replaced previous registration(LongVarcharTypeDescriptor)
2024-02-09 01:25:56 [HikariPool-1 connection adder] DEBUG com.zaxxer.hikari.pool.HikariPool - HikariPool-1 - Added connection com.mysql.cj.jdbc.ConnectionImpl@333aa29a
2024-02-09 01:25:56 [main] DEBUG o.h.t.d.jdbc.spi.JdbcTypeRegistry - addDescriptor(NClobTypeDescriptor(DEFAULT)) replaced previous registration(ClobTypeDescriptor(DEFAULT))
[...]
2024-02-09 01:26:12 [main] DEBUG o.s.t.c.s.DirtiesContextBeforeModesTestExecutionListener - Before test method: class [JwtServiceTests], method [testGenerateToken], class annotated with @DirtiesContext [false] with mode [null], method annotated with @DirtiesContext [false] with mode [null]
2024-02-09 01:26:12 [main] DEBUG o.springframework.test.context.cache - Spring test ApplicationContext cache statistics: [DefaultContextCache@506137fd size = 1, maxSize = 32, parentContextCount = 0, hitCount = 51, missCount = 1, failureCount = 0]
2024-02-09 01:26:12 [main] DEBUG o.springframework.test.context.cache - Spring test ApplicationContext cache statistics: [DefaultContextCache@506137fd size = 1, maxSize = 32, parentContextCount = 0, hitCount = 52, missCount = 1, failureCount = 0]
2024-02-09 01:26:12 [main] DEBUG o.springframework.test.context.cache - Spring test ApplicationContext cache statistics: [DefaultContextCache@506137fd size = 1, maxSize = 32, parentContextCount = 0, hitCount = 53, missCount = 1, failureCount = 0]
2024-02-09 01:26:12 [main] DEBUG o.springframework.test.context.cache - Spring test ApplicationContext cache statistics: [DefaultContextCache@506137fd size = 1, maxSize = 32, parentContextCount = 0, hitCount = 54, missCount = 1, failureCount = 0]
2024-02-09 01:26:12 [main] DEBUG o.springframework.test.context.cache - Spring test ApplicationContext cache statistics: [DefaultContextCache@506137fd size = 1, maxSize = 32, parentContextCount = 0, hitCount = 55, missCount = 1, failureCount = 0]
2024-02-09 01:26:12 [main] DEBUG o.springframework.test.context.cache - Spring test ApplicationContext cache statistics: [DefaultContextCache@506137fd size = 1, maxSize = 32, parentContextCount = 0, hitCount = 56, missCount = 1, failureCount = 0]
2024-02-09 01:26:12 [main] DEBUG o.springframework.test.context.cache - Spring test ApplicationContext cache statistics: [DefaultContextCache@506137fd size = 1, maxSize = 32, parentContextCount = 0, hitCount = 57, missCount = 1, failureCount = 0]
2024-02-09 01:26:12 [main] DEBUG o.springframework.test.context.cache - Spring test ApplicationContext cache statistics: [DefaultContextCache@506137fd size = 1, maxSize = 32, parentContextCount = 0, hitCount = 58, missCount = 1, failureCount = 0]
2024-02-09 01:26:12 [main] DEBUG o.springframework.test.context.cache - Spring test ApplicationContext cache statistics: [DefaultContextCache@506137fd size = 1, maxSize = 32, parentContextCount = 0, hitCount = 59, missCount = 1, failureCount = 0]
2024-02-09 01:26:12 [main] DEBUG o.s.t.c.s.DirtiesContextTestExecutionListener - After test method: class [JwtServiceTests], method [testGenerateToken], class annotated with @DirtiesContext [false] with mode [null], method annotated with @DirtiesContext [false] with mode [null]
2024-02-09 01:26:12 [main] DEBUG o.s.t.c.w.ServletTestExecutionListener - Resetting RequestContextHolder for test class com.example.demo.JwtServiceTests
]]></system-out>
  </testcase>
  <testcase name="testExtractAllClaims" classname="com.example.demo.JwtServiceTests" time="0.015">
    <system-out><![CDATA[2024-02-09 01:26:12 [main] DEBUG o.springframework.test.context.cache - Spring test ApplicationContext cache statistics: [DefaultContextCache@506137fd size = 1, maxSize = 32, parentContextCount = 0, hitCount = 60, missCount = 1, failureCount = 0]
2024-02-09 01:26:12 [main] DEBUG o.s.t.c.w.ServletTestExecutionListener - Setting up MockHttpServletRequest, MockHttpServletResponse, ServletWebRequest, and RequestContextHolder for test class com.example.demo.JwtServiceTests
2024-02-09 01:26:12 [main] DEBUG o.s.t.c.s.DependencyInjectionTestExecutionListener - Performing dependency injection for test class com.example.demo.JwtServiceTests
2024-02-09 01:26:12 [main] DEBUG o.springframework.test.context.cache - Spring test ApplicationContext cache statistics: [DefaultContextCache@506137fd size = 1, maxSize = 32, parentContextCount = 0, hitCount = 61, missCount = 1, failureCount = 0]
2024-02-09 01:26:12 [main] DEBUG o.springframework.test.context.cache - Spring test ApplicationContext cache statistics: [DefaultContextCache@506137fd size = 1, maxSize = 32, parentContextCount = 0, hitCount = 62, missCount = 1, failureCount = 0]
2024-02-09 01:26:12 [main] DEBUG o.s.t.c.s.DirtiesContextBeforeModesTestExecutionListener - Before test method: class [JwtServiceTests], method [testExtractAllClaims], class annotated with @DirtiesContext [false] with mode [null], method annotated with @DirtiesContext [false] with mode [null]
2024-02-09 01:26:12 [main] DEBUG o.springframework.test.context.cache - Spring test ApplicationContext cache statistics: [DefaultContextCache@506137fd size = 1, maxSize = 32, parentContextCount = 0, hitCount = 63, missCount = 1, failureCount = 0]
2024-02-09 01:26:12 [main] DEBUG o.springframework.test.context.cache - Spring test ApplicationContext cache statistics: [DefaultContextCache@506137fd size = 1, maxSize = 32, parentContextCount = 0, hitCount = 64, missCount = 1, failureCount = 0]
2024-02-09 01:26:12 [main] DEBUG o.springframework.test.context.cache - Spring test ApplicationContext cache statistics: [DefaultContextCache@506137fd size = 1, maxSize = 32, parentContextCount = 0, hitCount = 65, missCount = 1, failureCount = 0]
2024-02-09 01:26:12 [main] DEBUG o.springframework.test.context.cache - Spring test ApplicationContext cache statistics: [DefaultContextCache@506137fd size = 1, maxSize = 32, parentContextCount = 0, hitCount = 66, missCount = 1, failureCount = 0]
2024-02-09 01:26:12 [main] DEBUG o.springframework.test.context.cache - Spring test ApplicationContext cache statistics: [DefaultContextCache@506137fd size = 1, maxSize = 32, parentContextCount = 0, hitCount = 67, missCount = 1, failureCount = 0]
2024-02-09 01:26:12 [main] DEBUG o.springframework.test.context.cache - Spring test ApplicationContext cache statistics: [DefaultContextCache@506137fd size = 1, maxSize = 32, parentContextCount = 0, hitCount = 68, missCount = 1, failureCount = 0]
2024-02-09 01:26:12 [main] DEBUG o.springframework.test.context.cache - Spring test ApplicationContext cache statistics: [DefaultContextCache@506137fd size = 1, maxSize = 32, parentContextCount = 0, hitCount = 69, missCount = 1, failureCount = 0]
2024-02-09 01:26:12 [main] DEBUG o.springframework.test.context.cache - Spring test ApplicationContext cache statistics: [DefaultContextCache@506137fd size = 1, maxSize = 32, parentContextCount = 0, hitCount = 70, missCount = 1, failureCount = 0]
2024-02-09 01:26:12 [main] DEBUG o.springframework.test.context.cache - Spring test ApplicationContext cache statistics: [DefaultContextCache@506137fd size = 1, maxSize = 32, parentContextCount = 0, hitCount = 71, missCount = 1, failureCount = 0]
2024-02-09 01:26:12 [main] DEBUG o.s.t.c.s.DirtiesContextTestExecutionListener - After test method: class [JwtServiceTests], method [testExtractAllClaims], class annotated with @DirtiesContext [false] with mode [null], method annotated with @DirtiesContext [false] with mode [null]
2024-02-09 01:26:12 [main] DEBUG o.s.t.c.w.ServletTestExecutionListener - Resetting RequestContextHolder for test class com.example.demo.JwtServiceTests
]]></system-out>
  </testcase>
  <testcase name="testValidateToken_ValidToken" classname="com.example.demo.JwtServiceTests" time="0.019">
    <system-out><![CDATA[2024-02-09 01:26:12 [main] DEBUG o.springframework.test.context.cache - Spring test ApplicationContext cache statistics: [DefaultContextCache@506137fd size = 1, maxSize = 32, parentContextCount = 0, hitCount = 72, missCount = 1, failureCount = 0]
2024-02-09 01:26:12 [main] DEBUG o.s.t.c.w.ServletTestExecutionListener - Setting up MockHttpServletRequest, MockHttpServletResponse, ServletWebRequest, and RequestContextHolder for test class com.example.demo.JwtServiceTests
2024-02-09 01:26:12 [main] DEBUG o.s.t.c.s.DependencyInjectionTestExecutionListener - Performing dependency injection for test class com.example.demo.JwtServiceTests
2024-02-09 01:26:12 [main] DEBUG o.springframework.test.context.cache - Spring test ApplicationContext cache statistics: [DefaultContextCache@506137fd size = 1, maxSize = 32, parentContextCount = 0, hitCount = 73, missCount = 1, failureCount = 0]
2024-02-09 01:26:12 [main] DEBUG o.springframework.test.context.cache - Spring test ApplicationContext cache statistics: [DefaultContextCache@506137fd size = 1, maxSize = 32, parentContextCount = 0, hitCount = 74, missCount = 1, failureCount = 0]
2024-02-09 01:26:12 [main] DEBUG o.s.t.c.s.DirtiesContextBeforeModesTestExecutionListener - Before test method: class [JwtServiceTests], method [testValidateToken_ValidToken], class annotated with @DirtiesContext [false] with mode [null], method annotated with @DirtiesContext [false] with mode [null]
2024-02-09 01:26:12 [main] DEBUG o.springframework.test.context.cache - Spring test ApplicationContext cache statistics: [DefaultContextCache@506137fd size = 1, maxSize = 32, parentContextCount = 0, hitCount = 75, missCount = 1, failureCount = 0]
2024-02-09 01:26:12 [main] DEBUG o.springframework.test.context.cache - Spring test ApplicationContext cache statistics: [DefaultContextCache@506137fd size = 1, maxSize = 32, parentContextCount = 0, hitCount = 76, missCount = 1, failureCount = 0]
2024-02-09 01:26:12 [main] DEBUG o.springframework.test.context.cache - Spring test ApplicationContext cache statistics: [DefaultContextCache@506137fd size = 1, maxSize = 32, parentContextCount = 0, hitCount = 77, missCount = 1, failureCount = 0]
2024-02-09 01:26:12 [main] DEBUG o.springframework.test.context.cache - Spring test ApplicationContext cache statistics: [DefaultContextCache@506137fd size = 1, maxSize = 32, parentContextCount = 0, hitCount = 78, missCount = 1, failureCount = 0]
2024-02-09 01:26:12 [main] DEBUG o.springframework.test.context.cache - Spring test ApplicationContext cache statistics: [DefaultContextCache@506137fd size = 1, maxSize = 32, parentContextCount = 0, hitCount = 79, missCount = 1, failureCount = 0]
2024-02-09 01:26:12 [main] DEBUG o.springframework.test.context.cache - Spring test ApplicationContext cache statistics: [DefaultContextCache@506137fd size = 1, maxSize = 32, parentContextCount = 0, hitCount = 80, missCount = 1, failureCount = 0]
2024-02-09 01:26:12 [main] DEBUG o.springframework.test.context.cache - Spring test ApplicationContext cache statistics: [DefaultContextCache@506137fd size = 1, maxSize = 32, parentContextCount = 0, hitCount = 81, missCount = 1, failureCount = 0]
2024-02-09 01:26:12 [main] DEBUG o.springframework.test.context.cache - Spring test ApplicationContext cache statistics: [DefaultContextCache@506137fd size = 1, maxSize = 32, parentContextCount = 0, hitCount = 82, missCount = 1, failureCount = 0]
2024-02-09 01:26:12 [main] DEBUG o.springframework.test.context.cache - Spring test ApplicationContext cache statistics: [DefaultContextCache@506137fd size = 1, maxSize = 32, parentContextCount = 0, hitCount = 83, missCount = 1, failureCount = 0]
2024-02-09 01:26:12 [main] DEBUG o.s.t.c.s.DirtiesContextTestExecutionListener - After test method: class [JwtServiceTests], method [testValidateToken_ValidToken], class annotated with @DirtiesContext [false] with mode [null], method annotated with @DirtiesContext [false] with mode [null]
2024-02-09 01:26:12 [main] DEBUG o.s.t.c.w.ServletTestExecutionListener - Resetting RequestContextHolder for test class com.example.demo.JwtServiceTests
]]></system-out>
  </testcase>
  <testcase name="testExtractClaim" classname="com.example.demo.JwtServiceTests" time="0.019">
    <system-out><![CDATA[2024-02-09 01:26:12 [main] DEBUG o.springframework.test.context.cache - Spring test ApplicationContext cache statistics: [DefaultContextCache@506137fd size = 1, maxSize = 32, parentContextCount = 0, hitCount = 84, missCount = 1, failureCount = 0]
2024-02-09 01:26:12 [main] DEBUG o.s.t.c.w.ServletTestExecutionListener - Setting up MockHttpServletRequest, MockHttpServletResponse, ServletWebRequest, and RequestContextHolder for test class com.example.demo.JwtServiceTests
2024-02-09 01:26:12 [main] DEBUG o.s.t.c.s.DependencyInjectionTestExecutionListener - Performing dependency injection for test class com.example.demo.JwtServiceTests
2024-02-09 01:26:12 [main] DEBUG o.springframework.test.context.cache - Spring test ApplicationContext cache statistics: [DefaultContextCache@506137fd size = 1, maxSize = 32, parentContextCount = 0, hitCount = 85, missCount = 1, failureCount = 0]
2024-02-09 01:26:12 [main] DEBUG o.springframework.test.context.cache - Spring test ApplicationContext cache statistics: [DefaultContextCache@506137fd size = 1, maxSize = 32, parentContextCount = 0, hitCount = 86, missCount = 1, failureCount = 0]
2024-02-09 01:26:12 [main] DEBUG o.s.t.c.s.DirtiesContextBeforeModesTestExecutionListener - Before test method: class [JwtServiceTests], method [testExtractClaim], class annotated with @DirtiesContext [false] with mode [null], method annotated with @DirtiesContext [false] with mode [null]
2024-02-09 01:26:12 [main] DEBUG o.springframework.test.context.cache - Spring test ApplicationContext cache statistics: [DefaultContextCache@506137fd size = 1, maxSize = 32, parentContextCount = 0, hitCount = 87, missCount = 1, failureCount = 0]
2024-02-09 01:26:12 [main] DEBUG o.springframework.test.context.cache - Spring test ApplicationContext cache statistics: [DefaultContextCache@506137fd size = 1, maxSize = 32, parentContextCount = 0, hitCount = 88, missCount = 1, failureCount = 0]
2024-02-09 01:26:12 [main] DEBUG o.springframework.test.context.cache - Spring test ApplicationContext cache statistics: [DefaultContextCache@506137fd size = 1, maxSize = 32, parentContextCount = 0, hitCount = 89, missCount = 1, failureCount = 0]
2024-02-09 01:26:12 [main] DEBUG o.springframework.test.context.cache - Spring test ApplicationContext cache statistics: [DefaultContextCache@506137fd size = 1, maxSize = 32, parentContextCount = 0, hitCount = 90, missCount = 1, failureCount = 0]
2024-02-09 01:26:12 [main] DEBUG o.springframework.test.context.cache - Spring test ApplicationContext cache statistics: [DefaultContextCache@506137fd size = 1, maxSize = 32, parentContextCount = 0, hitCount = 91, missCount = 1, failureCount = 0]
2024-02-09 01:26:12 [main] DEBUG o.springframework.test.context.cache - Spring test ApplicationContext cache statistics: [DefaultContextCache@506137fd size = 1, maxSize = 32, parentContextCount = 0, hitCount = 92, missCount = 1, failureCount = 0]
2024-02-09 01:26:12 [main] DEBUG o.springframework.test.context.cache - Spring test ApplicationContext cache statistics: [DefaultContextCache@506137fd size = 1, maxSize = 32, parentContextCount = 0, hitCount = 93, missCount = 1, failureCount = 0]
2024-02-09 01:26:12 [main] DEBUG o.springframework.test.context.cache - Spring test ApplicationContext cache statistics: [DefaultContextCache@506137fd size = 1, maxSize = 32, parentContextCount = 0, hitCount = 94, missCount = 1, failureCount = 0]
2024-02-09 01:26:12 [main] DEBUG o.springframework.test.context.cache - Spring test ApplicationContext cache statistics: [DefaultContextCache@506137fd size = 1, maxSize = 32, parentContextCount = 0, hitCount = 95, missCount = 1, failureCount = 0]
2024-02-09 01:26:12 [main] DEBUG o.s.t.c.s.DirtiesContextTestExecutionListener - After test method: class [JwtServiceTests], method [testExtractClaim], class annotated with @DirtiesContext [false] with mode [null], method annotated with @DirtiesContext [false] with mode [null]
2024-02-09 01:26:12 [main] DEBUG o.s.t.c.w.ServletTestExecutionListener - Resetting RequestContextHolder for test class com.example.demo.JwtServiceTests
]]></system-out>
  </testcase>
  <testcase name="testExtractExpiration" classname="com.example.demo.JwtServiceTests" time="0.013">
    <system-out><![CDATA[2024-02-09 01:26:12 [main] DEBUG o.springframework.test.context.cache - Spring test ApplicationContext cache statistics: [DefaultContextCache@506137fd size = 1, maxSize = 32, parentContextCount = 0, hitCount = 96, missCount = 1, failureCount = 0]
2024-02-09 01:26:12 [main] DEBUG o.s.t.c.w.ServletTestExecutionListener - Setting up MockHttpServletRequest, MockHttpServletResponse, ServletWebRequest, and RequestContextHolder for test class com.example.demo.JwtServiceTests
2024-02-09 01:26:12 [main] DEBUG o.s.t.c.s.DependencyInjectionTestExecutionListener - Performing dependency injection for test class com.example.demo.JwtServiceTests
2024-02-09 01:26:12 [main] DEBUG o.springframework.test.context.cache - Spring test ApplicationContext cache statistics: [DefaultContextCache@506137fd size = 1, maxSize = 32, parentContextCount = 0, hitCount = 97, missCount = 1, failureCount = 0]
2024-02-09 01:26:12 [main] DEBUG o.springframework.test.context.cache - Spring test ApplicationContext cache statistics: [DefaultContextCache@506137fd size = 1, maxSize = 32, parentContextCount = 0, hitCount = 98, missCount = 1, failureCount = 0]
2024-02-09 01:26:12 [main] DEBUG o.s.t.c.s.DirtiesContextBeforeModesTestExecutionListener - Before test method: class [JwtServiceTests], method [testExtractExpiration], class annotated with @DirtiesContext [false] with mode [null], method annotated with @DirtiesContext [false] with mode [null]
2024-02-09 01:26:12 [main] DEBUG o.springframework.test.context.cache - Spring test ApplicationContext cache statistics: [DefaultContextCache@506137fd size = 1, maxSize = 32, parentContextCount = 0, hitCount = 99, missCount = 1, failureCount = 0]
2024-02-09 01:26:12 [main] DEBUG o.springframework.test.context.cache - Spring test ApplicationContext cache statistics: [DefaultContextCache@506137fd size = 1, maxSize = 32, parentContextCount = 0, hitCount = 100, missCount = 1, failureCount = 0]
2024-02-09 01:26:12 [main] DEBUG o.springframework.test.context.cache - Spring test ApplicationContext cache statistics: [DefaultContextCache@506137fd size = 1, maxSize = 32, parentContextCount = 0, hitCount = 101, missCount = 1, failureCount = 0]
2024-02-09 01:26:12 [main] DEBUG o.springframework.test.context.cache - Spring test ApplicationContext cache statistics: [DefaultContextCache@506137fd size = 1, maxSize = 32, parentContextCount = 0, hitCount = 102, missCount = 1, failureCount = 0]
2024-02-09 01:26:12 [main] DEBUG o.springframework.test.context.cache - Spring test ApplicationContext cache statistics: [DefaultContextCache@506137fd size = 1, maxSize = 32, parentContextCount = 0, hitCount = 103, missCount = 1, failureCount = 0]
2024-02-09 01:26:12 [main] DEBUG o.springframework.test.context.cache - Spring test ApplicationContext cache statistics: [DefaultContextCache@506137fd size = 1, maxSize = 32, parentContextCount = 0, hitCount = 104, missCount = 1, failureCount = 0]
2024-02-09 01:26:12 [main] DEBUG o.springframework.test.context.cache - Spring test ApplicationContext cache statistics: [DefaultContextCache@506137fd size = 1, maxSize = 32, parentContextCount = 0, hitCount = 105, missCount = 1, failureCount = 0]
2024-02-09 01:26:12 [main] DEBUG o.springframework.test.context.cache - Spring test ApplicationContext cache statistics: [DefaultContextCache@506137fd size = 1, maxSize = 32, parentContextCount = 0, hitCount = 106, missCount = 1, failureCount = 0]
2024-02-09 01:26:12 [main] DEBUG o.springframework.test.context.cache - Spring test ApplicationContext cache statistics: [DefaultContextCache@506137fd size = 1, maxSize = 32, parentContextCount = 0, hitCount = 107, missCount = 1, failureCount = 0]
2024-02-09 01:26:12 [main] DEBUG o.s.t.c.s.DirtiesContextTestExecutionListener - After test method: class [JwtServiceTests], method [testExtractExpiration], class annotated with @DirtiesContext [false] with mode [null], method annotated with @DirtiesContext [false] with mode [null]
2024-02-09 01:26:12 [main] DEBUG o.s.t.c.w.ServletTestExecutionListener - Resetting RequestContextHolder for test class com.example.demo.JwtServiceTests
]]></system-out>
  </testcase>
</testsuite>