<?xml version="1.0" encoding="UTF-8"?>
<testsuite xmlns:xsi="http://www.w3.org/2001/XMLSchema-instance" xsi:noNamespaceSchemaLocation="https://maven.apache.org/surefire/maven-surefire-plugin/xsd/surefire-test-report-3.0.xsd" version="3.0" name="com.example.demo.ProductDetailsTests" time="5.421" tests="5" errors="0" skipped="0" failures="0">
  <properties>
[...]
</properties>
  <testcase name="testGetProductByIdNotFound" classname="com.example.demo.ProductDetailsTests" time="0.269">
    <system-out><![CDATA[22:38:33,021 |-INFO in ch.qos.logback.classic.LoggerContext[default] - This is logback-classic version 1.4.14
22:38:33,032 |-INFO in ch.qos.logback.classic.util.ContextInitializer@39fa8ad2 - Here is a list of configurators discovered as a service, by rank: 
22:38:33,033 |-INFO in ch.qos.logback.classic.util.ContextInitializer@39fa8ad2 -   org.springframework.boot.logging.logback.RootLogLevelConfigurator
22:38:33,033 |-INFO in ch.qos.logback.classic.util.ContextInitializer@39fa8ad2 - They will be invoked in order until ExecutionStatus.DO_NOT_INVOKE_NEXT_IF_ANY is returned.
22:38:33,033 |-INFO in ch.qos.logback.classic.util.ContextInitializer@39fa8ad2 - Constructed configurator of type class org.springframework.boot.logging.logback.RootLogLevelConfigurator
22:38:33,064 |-INFO in ch.qos.logback.classic.util.ContextInitializer@39fa8ad2 - org.springframework.boot.logging.logback.RootLogLevelConfigurator.configure() call lasted 5 milliseconds. ExecutionStatus=INVOKE_NEXT_IF_ANY
22:38:33,064 |-INFO in ch.qos.logback.classic.util.ContextInitializer@39fa8ad2 - Trying to configure with ch.qos.logback.classic.joran.SerializedModelConfigurator
22:38:33,066 |-INFO in ch.qos.logback.classic.util.ContextInitializer@39fa8ad2 - Constructed configurator of type class ch.qos.logback.classic.joran.SerializedModelConfigurator
22:38:33,074 |-INFO in ch.qos.logback.classic.LoggerContext[default] - Could NOT find resource [logback-test.scmo]
22:38:33,075 |-INFO in ch.qos.logback.classic.LoggerContext[default] - Could NOT find resource [logback.scmo]
22:38:33,075 |-INFO in ch.qos.logback.classic.util.ContextInitializer@39fa8ad2 - ch.qos.logback.classic.joran.SerializedModelConfigurator.configure() call lasted 9 milliseconds. ExecutionStatus=INVOKE_NEXT_IF_ANY
22:38:33,075 |-INFO in ch.qos.logback.classic.util.ContextInitializer@39fa8ad2 - Trying to configure with ch.qos.logback.classic.util.DefaultJoranConfigurator
22:38:33,076 |-INFO in ch.qos.logback.classic.util.ContextInitializer@39fa8ad2 - Constructed configurator of type class ch.qos.logback.classic.util.DefaultJoranConfigurator
22:38:33,078 |-INFO in ch.qos.logback.classic.LoggerContext[default] - Could NOT find resource [logback-test.xml]
22:38:33,080 |-INFO in ch.qos.logback.classic.LoggerContext[default] - Found resource [logback.xml] at [file:/C:/Users/ADeepak/OneDrive%20-%20Unisys/Desktop/Product_Details/target/classes/logback.xml]
22:38:33,414 |-INFO in ch.qos.logback.core.model.processor.AppenderModelHandler - Processing appender named [STDOUT]
22:38:33,415 |-INFO in ch.qos.logback.core.model.processor.AppenderModelHandler - About to instantiate appender of type [ch.qos.logback.core.ConsoleAppender]
22:38:33,546 |-WARN in ch.qos.logback.core.ConsoleAppender[STDOUT] - This appender no longer admits a layout as a sub-component, set an encoder instead.
22:38:33,547 |-WARN in ch.qos.logback.core.ConsoleAppender[STDOUT] - To ensure compatibility, wrapping your layout in LayoutWrappingEncoder.
22:38:33,547 |-WARN in ch.qos.logback.core.ConsoleAppender[STDOUT] - See also http://logback.qos.ch/codes.html#layoutInsteadOfEncoder for details
22:38:33,547 |-INFO in ch.qos.logback.core.model.processor.AppenderModelHandler - Processing appender named [FILE-AUDIT]
22:38:33,547 |-INFO in ch.qos.logback.core.model.processor.AppenderModelHandler - About to instantiate appender of type [ch.qos.logback.core.rolling.RollingFileAppender]
22:38:33,589 |-INFO in c.q.l.core.rolling.TimeBasedRollingPolicy@1994249754 - No compression will be used
22:38:33,592 |-INFO in c.q.l.core.rolling.TimeBasedRollingPolicy@1994249754 - Will use the pattern logs/archived/debug.%d{yyyy-MM-dd}.%i.log for the active file
22:38:33,598 |-INFO in ch.qos.logback.core.rolling.SizeAndTimeBasedFNATP@3f92a84e - The date pattern is 'yyyy-MM-dd' from file name pattern 'logs/archived/debug.%d{yyyy-MM-dd}.%i.log'.
22:38:33,598 |-INFO in ch.qos.logback.core.rolling.SizeAndTimeBasedFNATP@3f92a84e - Roll-over at midnight.
22:38:33,601 |-INFO in ch.qos.logback.core.rolling.SizeAndTimeBasedFNATP@3f92a84e - Setting initial period to 2024-01-18T05:08:15.588Z
22:38:33,601 |-WARN in ch.qos.logback.core.rolling.SizeAndTimeBasedFNATP@3f92a84e - SizeAndTimeBasedFNATP is deprecated. Use SizeAndTimeBasedRollingPolicy instead
22:38:33,601 |-WARN in ch.qos.logback.core.rolling.SizeAndTimeBasedFNATP@3f92a84e - For more information see http://logback.qos.ch/manual/appenders.html#SizeAndTimeBasedRollingPolicy
22:38:33,627 |-INFO in ch.qos.logback.core.rolling.RollingFileAppender[FILE-AUDIT] - Active log file name: logs/debug.log
22:38:33,628 |-INFO in ch.qos.logback.core.rolling.RollingFileAppender[FILE-AUDIT] - File property is set to [logs/debug.log]
22:38:33,633 |-INFO in ch.qos.logback.core.model.processor.AppenderModelHandler - Processing appender named [FILE-ERROR]
22:38:33,633 |-INFO in ch.qos.logback.core.model.processor.AppenderModelHandler - About to instantiate appender of type [ch.qos.logback.core.rolling.RollingFileAppender]
22:38:33,642 |-INFO in c.q.l.core.rolling.TimeBasedRollingPolicy@217479224 - No compression will be used
22:38:33,642 |-INFO in c.q.l.core.rolling.TimeBasedRollingPolicy@217479224 - Will use the pattern logs/archived/error.%d{yyyy-MM-dd}.%i.log for the active file
22:38:33,643 |-INFO in ch.qos.logback.core.rolling.SizeAndTimeBasedFNATP@6137cf6e - The date pattern is 'yyyy-MM-dd' from file name pattern 'logs/archived/error.%d{yyyy-MM-dd}.%i.log'.
22:38:33,643 |-INFO in ch.qos.logback.core.rolling.SizeAndTimeBasedFNATP@6137cf6e - Roll-over at midnight.
22:38:33,644 |-INFO in ch.qos.logback.core.rolling.SizeAndTimeBasedFNATP@6137cf6e - Setting initial period to 2024-01-21T17:05:49.849Z
22:38:33,644 |-WARN in ch.qos.logback.core.rolling.SizeAndTimeBasedFNATP@6137cf6e - SizeAndTimeBasedFNATP is deprecated. Use SizeAndTimeBasedRollingPolicy instead
22:38:33,644 |-WARN in ch.qos.logback.core.rolling.SizeAndTimeBasedFNATP@6137cf6e - For more information see http://logback.qos.ch/manual/appenders.html#SizeAndTimeBasedRollingPolicy
22:38:33,647 |-INFO in ch.qos.logback.core.rolling.RollingFileAppender[FILE-ERROR] - Active log file name: logs/error.log
22:38:33,647 |-INFO in ch.qos.logback.core.rolling.RollingFileAppender[FILE-ERROR] - File property is set to [logs/error.log]
22:38:33,649 |-INFO in ch.qos.logback.classic.model.processor.LoggerModelHandler - Setting level of logger [logging.level.com.appsdeveloperblog] to DEBUG
22:38:33,656 |-INFO in ch.qos.logback.classic.model.processor.LoggerModelHandler - Setting additivity of logger [logging.level.com.appsdeveloperblog] to false
22:38:33,657 |-INFO in ch.qos.logback.core.model.processor.AppenderRefModelHandler - Attaching appender named [FILE-AUDIT] to Logger[logging.level.com.appsdeveloperblog]
22:38:33,658 |-INFO in ch.qos.logback.core.model.processor.AppenderRefModelHandler - Attaching appender named [STDOUT] to Logger[logging.level.com.appsdeveloperblog]
22:38:33,659 |-INFO in ch.qos.logback.classic.model.processor.RootLoggerModelHandler - Setting level of ROOT logger to ERROR
22:38:33,659 |-INFO in ch.qos.logback.core.model.processor.AppenderRefModelHandler - Attaching appender named [FILE-ERROR] to Logger[ROOT]
22:38:33,659 |-INFO in ch.qos.logback.core.model.processor.DefaultProcessor@7942a854 - End of configuration.
22:38:33,660 |-INFO in ch.qos.logback.classic.joran.JoranConfigurator@53b8afea - Registering current configuration as safe fallback point
22:38:33,660 |-INFO in ch.qos.logback.classic.util.ContextInitializer@39fa8ad2 - ch.qos.logback.classic.util.DefaultJoranConfigurator.configure() call lasted 584 milliseconds. ExecutionStatus=DO_NOT_INVOKE_NEXT_IF_ANY

]]></system-out>
    <system-err><![CDATA[WARNING: A Java agent has been loaded dynamically (C:\Users\ADeepak\.m2\repository\net\bytebuddy\byte-buddy-agent\1.14.10\byte-buddy-agent-1.14.10.jar)
WARNING: If a serviceability tool is in use, please run with -XX:+EnableDynamicAgentLoading to hide this warning
WARNING: If a serviceability tool is not in use, please run with -Djdk.instrument.traceUsage for more information
WARNING: Dynamic loading of agents will be disallowed by default in a future release
]]></system-err>
  </testcase>
  <testcase name="testSaveProduct" classname="com.example.demo.ProductDetailsTests" time="0.148"/>
  <testcase name="testGetProductById" classname="com.example.demo.ProductDetailsTests" time="0.009"/>
  <testcase name="testDeleteProduct" classname="com.example.demo.ProductDetailsTests" time="0.006"/>
  <testcase name="testGetAllProducts" classname="com.example.demo.ProductDetailsTests" time="0.017"/>
</testsuite>